


materialPath: D:\Apps\Steam\steamapps\common\Counter-Strike Global Offensive\csgo\materials
Loading d:\thebi\documents\csgo map labyrinth\strr_labyrinth_d\strr_labyrinth_d.vmf
Map revision 0
Patching WVT material: maps/strr_labyrinth_d/nature/infblendgrassdirt001a_wvt_patch
fixing up env_cubemap materials on brush sides...
0...1...2...3...4...5...6...7...8...9...100...1...2...3...4...5...6...7...8...9...10Processing areas...done (0)
Building Faces...done (0)
FixTjuncs...
PruneNodes...
WriteBSP...
done (0)
writing d:\thebi\documents\csgo map labyrinth\strr_labyrinth_d\strr_labyrinth_d.prt...Building visibility clusters...
done (0)
Finding displacement neighbors...
Finding lightmap sample positions...
Displacement Alpha : 0...1...2...3...4...5...6...7...8...9...10
Building Physics collision data...
done (0) (172140 bytes)
Placing detail props : 0...1...2...3...4...5...6...7...8...9...10
Compacting texture/material tables...
Reduced 23 texinfos to 16
Reduced 5 texdatas to 4 (153 bytes to 124)
Writing d:\thebi\documents\csgo map labyrinth\strr_labyrinth_d\strr_labyrinth_d.bsp
MSG_FILEWRITE - Filesystem was asked to write to 'd:\thebi\documents\csgo map labyrinth\strr_labyrinth_d\strr_labyrinth_d.bsp', but we don't own that location. Allowing.
1 second elapsed



4 threads
reading d:\thebi\documents\csgo map labyrinth\strr_labyrinth_d\strr_labyrinth_d.bsp
reading d:\thebi\documents\csgo map labyrinth\strr_labyrinth_d\strr_labyrinth_d.prt
 514 portalclusters
1140 numportals
0...1...2...3...4...5...6...7...8...9...100...1...2...3...4...5...6...7...8...9...10Optimized: 12 visible clusters (0.00%)
Total clusters visible: 21194
Average clusters visible: 41
Building PAS...
Average clusters audible: 514
visdatasize:59578  compressed from 74016
writing d:\thebi\documents\csgo map labyrinth\strr_labyrinth_d\strr_labyrinth_d.bsp
MSG_FILEWRITE - Filesystem was asked to write to 'd:\thebi\documents\csgo map labyrinth\strr_labyrinth_d\strr_labyrinth_d.bsp', but we don't own that location. Allowing.
0 seconds elapsed



[Reading texlights from 'lights.rad']
[17 texlights parsed from 'lights.rad']

Loading d:\thebi\documents\csgo map labyrinth\strr_labyrinth_d\strr_labyrinth_d.bsp
2582 faces
499988 square feet [71998320.00 square inches]
0 Displacements
0 Square Feet [0.00 Square Inches]
2582 patches before subdivision
26770 patches after subdivision
53 direct lights
0...1...2...3...4...5...6...7...8...9...100...1...2...3...4...5...6...7...8...9...10transfers 652802, max 1674
transfer lists:   5.0 megs
0...1...2...3...4...5...6...7...8...9...10	Bounce #1 added RGB(11796, 12081, 5728)
0...1...2...3...4...5...6...7...8...9...10	Bounce #2 added RGB(963, 1015, 224)
0...1...2...3...4...5...6...7...8...9...10	Bounce #3 added RGB(77, 84, 9)
0...1...2...3...4...5...6...7...8...9...10	Bounce #4 added RGB(6, 7, 0)
0...1...2...3...4...5...6...7...8...9...10	Bounce #5 added RGB(1, 1, 0)
Build Patch/Sample Hash Table(s).....Done<0.0051 sec>
0...1...2...3...4...5...6...7...8...9...10FinalLightFace Done
0 of 0 (0% of) surface lights went in leaf ambient cubes.
0...1...2...3...4...5...6...7...8...9...10Writing leaf ambient...done
Ready to Finish

Object names       Objects/Maxobjs  Memory / Maxmem  Fullness 
------------       ---------------  ---------------  -------- 
models                   3/1024          144/49152    ( 0.3%) 
brushes                469/8192         5628/98304    ( 5.7%) 
brushsides            2814/81920       22512/655360   ( 3.4%) 
planes                 238/65536        4760/1310720  ( 0.4%) 
vertexes              4668/65536       56016/786432   ( 7.1%) 
nodes                 1088/65536       34816/2097152  ( 1.7%) 
texinfos                16/12288        1152/884736   ( 0.1%) 
texdata                  4/4096          128/131072   ( 0.1%) 
dispinfos                0/0               0/0        ( 0.0%) 
disp_verts               0/0               0/0        ( 0.0%) 
disp_tris                0/0               0/0        ( 0.0%) 
disp_multiblend          0/0               0/0        ( 0.0%) 
disp_lmsamples           0/0               0/0        ( 0.0%) 
faces                 2582/65536      144592/3670016  ( 3.9%) 
hdr faces                0/65536           0/3670016  ( 0.0%) 
origfaces             1888/65536      105728/3670016  ( 2.9%) 
facebrushes            273/0             546/0        ( 0.0%) 
facebrushlists        2582/0           10328/0        ( 0.0%) 
leaves                1092/65536       34944/2097152  ( 1.7%) 
leaffaces             2628/65536        5256/131072   ( 4.0%) 
leafbrushes            598/65536        1196/131072   ( 0.9%) 
areas                    2/1024           16/8192     ( 0.2%) 
surfedges            19200/512000      76800/2048000  ( 3.8%) 
edges                10703/256000      42812/1024000  ( 4.2%) 
LDR worldlights         53/8192         5300/819200   ( 0.6%) 
HDR worldlights          0/8192            0/819200   ( 0.0%) 
leafwaterdata            0/32768           0/393216   ( 0.0%) 
waterstrips            252/32768        2520/327680   ( 0.8%) 
waterverts               0/65536           0/786432   ( 0.0%) 
waterindices          4323/65536        8646/131072   ( 6.6%) 
cubemapsamples           0/1024            0/16384    ( 0.0%) 
overlays                 0/1024            0/360448   ( 0.0%) 
LDR lightdata         [variable]     1000408/0        ( 0.0%) 
HDR lightdata         [variable]           0/0        ( 0.0%) 
visdata               [variable]       59578/16777216 ( 0.4%) 
entdata               [variable]       18086/393216   ( 4.6%) 
LDR ambient table     1092/65536        4368/262144   ( 1.7%) 
HDR ambient table     1092/65536        4368/262144   ( 1.7%) 
LDR leaf ambient      4766/65536      133448/1835008  ( 7.3%) 
HDR leaf ambient      1092/65536       30576/1835008  ( 1.7%) 
occluders                0/0               0/0        ( 0.0%) 
occluder polygons        0/0               0/0        ( 0.0%) 
occluder vert ind        0/0               0/0        ( 0.0%) 
detail props          [variable]           1/12       ( 8.3%) 
static props          [variable]           1/12       ( 8.3%) 
pakfile               [variable]       74829/0        ( 0.0%) 
physics               [variable]      172140/4194304  ( 4.1%) 
physics terrain       [variable]           2/1048576  ( 0.0%) 

Level flags = 7c

Total triangle count: 6484
Writing d:\thebi\documents\csgo map labyrinth\strr_labyrinth_d\strr_labyrinth_d.bsp
MSG_FILEWRITE - Filesystem was asked to write to 'd:\thebi\documents\csgo map labyrinth\strr_labyrinth_d\strr_labyrinth_d.bsp', but we don't own that location. Allowing.
1 minute, 4 seconds elapsed
