PRT1
514
1140
4 0 50 (4968.649902 2048 3685.860107 ) (4096 2048 3685.860107 ) (4096 2048 128 ) (4968.649902 2048 128 ) 
4 0 22 (4096 2048 128 ) (4096 2048 3685.860107 ) (4096 2608.590332 3685.860107 ) (4096 2608.590332 128 ) 
4 0 21 (4096 2112 128 ) (4096 2176 128 ) (4288 2176 128 ) (4288 2112 128 ) 
4 0 20 (4096 2176 128 ) (4096 2240 128 ) (4224 2240 128 ) (4224 2176 128 ) 
4 0 18 (4416 2048 128 ) (4352 2048 128 ) (4352 2112 128 ) (4416 2112 128 ) 
4 0 17 (4480 2048 128 ) (4416 2048 128 ) (4416 2240 128 ) (4480 2240 128 ) 
4 0 19 (4352 2048 128 ) (4288 2048 128 ) (4288 2240 128 ) (4352 2240 128 ) 
4 0 16 (4096 2240 128 ) (4096 2304 128 ) (4416 2304 128 ) (4416 2240 128 ) 
4 0 15 (4288 2368 128 ) (4352 2368 128 ) (4352 2304 128 ) (4288 2304 128 ) 
4 0 14 (4672 2048 128 ) (4480 2048 128 ) (4480 2112 128 ) (4672 2112 128 ) 
4 0 13 (4672 2112 128 ) (4672 2176 128 ) (4864 2176 128 ) (4864 2112 128 ) 
4 0 12 (4928 2048 128 ) (4864 2048 128 ) (4864 2176 128 ) (4928 2176 128 ) 
4 0 10 (4800 2368 128 ) (4864 2368 128 ) (4864 2176 128 ) (4800 2176 128 ) 
4 0 11 (4480 2176 128 ) (4480 2368 128 ) (4736 2368 128 ) (4736 2176 128 ) 
4 0 9 (4928 2304 128 ) (4928 2240 128 ) (4864 2240 128 ) (4864 2304 128 ) 
4 0 8 (4096 2368 128 ) (4096 2432 128 ) (4416 2432 128 ) (4416 2368 128 ) 
4 0 7 (4800 2432 128 ) (4928 2432 128 ) (4928 2368 128 ) (4800 2368 128 ) 
4 0 5 (4416 2496 128 ) (4800 2496 128 ) (4800 2432 128 ) (4416 2432 128 ) 
4 0 6 (4224 2496 128 ) (4352 2496 128 ) (4352 2432 128 ) (4224 2432 128 ) 
4 0 4 (4096 2496 128 ) (4096 2560 128 ) (4288 2560 128 ) (4288 2496 128 ) 
4 0 2 (4544 2560 128 ) (4672 2560 128 ) (4672 2496 128 ) (4544 2496 128 ) 
4 0 3 (4416 2560 128 ) (4480 2560 128 ) (4480 2496 128 ) (4416 2496 128 ) 
4 0 1 (4736 2560 128 ) (4928 2560 128 ) (4928 2496 128 ) (4736 2496 128 ) 
4 1 5 (4736 2496 26.140800 ) (4800 2496 26.140800 ) (4800 2496 128 ) (4736 2496 128 ) 
4 2 5 (4544 2496 26.140800 ) (4672 2496 26.140800 ) (4672 2496 128 ) (4544 2496 128 ) 
4 3 5 (4416 2496 26.140800 ) (4480 2496 26.140800 ) (4480 2496 128 ) (4416 2496 128 ) 
4 4 23 (4096 2496 128 ) (4096 2560 128 ) (4096 2560 26.140800 ) (4096 2496 26.140800 ) 
4 4 6 (4224 2496 26.140800 ) (4288 2496 26.140800 ) (4288 2496 128 ) (4224 2496 128 ) 
4 6 8 (4224 2432 26.140800 ) (4352 2432 26.140800 ) (4352 2432 128 ) (4224 2432 128 ) 
4 7 10 (4800 2368 26.140800 ) (4864 2368 26.140800 ) (4864 2368 128 ) (4800 2368 128 ) 
4 8 33 (4096 2368 128 ) (4096 2432 128 ) (4096 2432 26.140800 ) (4096 2368 26.140800 ) 
4 8 15 (4288 2368 26.140800 ) (4352 2368 26.140800 ) (4352 2368 128 ) (4288 2368 128 ) 
4 9 10 (4864 2304 26.140800 ) (4864 2240 26.140800 ) (4864 2240 128 ) (4864 2304 128 ) 
4 10 13 (4800 2176 26.140800 ) (4864 2176 26.140800 ) (4864 2176 128 ) (4800 2176 128 ) 
4 11 17 (4480 2240 26.140800 ) (4480 2176 26.140800 ) (4480 2176 128 ) (4480 2240 128 ) 
4 11 13 (4672 2176 26.140800 ) (4736 2176 26.140800 ) (4736 2176 128 ) (4672 2176 128 ) 
4 12 51 (4928 2048 128 ) (4864 2048 128 ) (4864 2048 26.140800 ) (4928 2048 26.140800 ) 
4 12 13 (4864 2176 128 ) (4864 2176 26.140800 ) (4864 2112 26.140800 ) (4864 2112 128 ) 
4 14 76 (4608 2048 128 ) (4544 2048 128 ) (4544 2048 26.140800 ) (4608 2048 26.140800 ) 
4 14 17 (4480 2112 26.140800 ) (4480 2048 26.140800 ) (4480 2048 128 ) (4480 2112 128 ) 
4 15 16 (4288 2304 26.140800 ) (4352 2304 26.140800 ) (4352 2304 128 ) (4288 2304 128 ) 
4 16 39 (4096 2240 128 ) (4096 2304 128 ) (4096 2304 26.140800 ) (4096 2240 26.140800 ) 
4 16 20 (4096 2240 26.140800 ) (4224 2240 26.140800 ) (4224 2240 128 ) (4096 2240 128 ) 
4 16 19 (4288 2240 26.140800 ) (4352 2240 26.140800 ) (4352 2240 128 ) (4288 2240 128 ) 
4 17 84 (4480 2048 128 ) (4416 2048 128 ) (4416 2048 26.140800 ) (4480 2048 26.140800 ) 
4 17 18 (4416 2112 26.140800 ) (4416 2048 26.140800 ) (4416 2048 128 ) (4416 2112 128 ) 
4 18 19 (4352 2112 26.140800 ) (4352 2048 26.140800 ) (4352 2048 128 ) (4352 2112 128 ) 
4 19 89 (4352 2048 128 ) (4288 2048 128 ) (4288 2048 26.140800 ) (4352 2048 26.140800 ) 
4 19 21 (4288 2176 26.140800 ) (4288 2112 26.140800 ) (4288 2112 128 ) (4288 2176 128 ) 
4 20 21 (4096 2176 26.140800 ) (4224 2176 26.140800 ) (4224 2176 128 ) (4096 2176 128 ) 
4 21 44 (4096 2112 128 ) (4096 2176 128 ) (4096 2176 26.140800 ) (4096 2112 26.140800 ) 
4 22 271 (3072 2048 128 ) (3072 2048 3685.860107 ) (3072 2608.590332 3685.860107 ) (3072 2608.590332 128 ) 
4 22 108 (4096 2048 128 ) (4096 2048 3685.860107 ) (3072 2048 3685.860107 ) (3072 2048 128 ) 
4 22 49 (3136 2048 128 ) (3072 2048 128 ) (3072 2112 128 ) (3136 2112 128 ) 
4 22 48 (3584 2048 128 ) (3200 2048 128 ) (3200 2112 128 ) (3584 2112 128 ) 
4 22 47 (3776 2048 128 ) (3648 2048 128 ) (3648 2112 128 ) (3776 2112 128 ) 
4 22 46 (3520 2112 128 ) (3456 2112 128 ) (3456 2176 128 ) (3520 2176 128 ) 
4 22 45 (3648 2112 128 ) (3584 2112 128 ) (3584 2176 128 ) (3648 2176 128 ) 
4 22 44 (4096 2176 128 ) (4096 2112 128 ) (3712 2112 128 ) (3712 2176 128 ) 
4 22 43 (3392 2176 128 ) (3072 2176 128 ) (3072 2240 128 ) (3392 2240 128 ) 
4 22 42 (3776 2176 128 ) (3520 2176 128 ) (3520 2240 128 ) (3776 2240 128 ) 
4 22 41 (3968 2176 128 ) (3840 2176 128 ) (3840 2240 128 ) (3968 2240 128 ) 
4 22 40 (3584 2240 128 ) (3392 2240 128 ) (3392 2304 128 ) (3584 2304 128 ) 
4 22 39 (4096 2304 128 ) (4096 2240 128 ) (3648 2240 128 ) (3648 2304 128 ) 
4 22 37 (3648 2304 128 ) (3584 2304 128 ) (3584 2368 128 ) (3648 2368 128 ) 
4 22 38 (3520 2304 128 ) (3072 2304 128 ) (3072 2368 128 ) (3520 2368 128 ) 
4 22 36 (3776 2304 128 ) (3712 2304 128 ) (3712 2368 128 ) (3776 2368 128 ) 
4 22 35 (3392 2368 128 ) (3264 2368 128 ) (3264 2432 128 ) (3392 2432 128 ) 
4 22 33 (4096 2432 128 ) (4096 2368 128 ) (3968 2368 128 ) (3968 2432 128 ) 
4 22 34 (3904 2368 128 ) (3520 2368 128 ) (3520 2432 128 ) (3904 2432 128 ) 
4 22 32 (3264 2432 128 ) (3072 2432 128 ) (3072 2496 128 ) (3264 2496 128 ) 
4 22 31 (3520 2432 128 ) (3328 2432 128 ) (3328 2496 128 ) (3520 2496 128 ) 
4 22 29 (4096 2496 128 ) (4096 2432 128 ) (3776 2432 128 ) (3776 2496 128 ) 
4 22 30 (3712 2432 128 ) (3584 2432 128 ) (3584 2496 128 ) (3712 2496 128 ) 
4 22 27 (3392 2496 128 ) (3200 2496 128 ) (3200 2560 128 ) (3392 2560 128 ) 
4 22 28 (3136 2496 128 ) (3072 2496 128 ) (3072 2560 128 ) (3136 2560 128 ) 
4 22 26 (3648 2496 128 ) (3456 2496 128 ) (3456 2560 128 ) (3648 2560 128 ) 
4 22 25 (3840 2496 128 ) (3712 2496 128 ) (3712 2560 128 ) (3840 2560 128 ) 
4 22 23 (4096 2560 128 ) (4096 2496 128 ) (4032 2496 128 ) (4032 2560 128 ) 
4 22 24 (3968 2496 128 ) (3904 2496 128 ) (3904 2560 128 ) (3968 2560 128 ) 
4 23 29 (4032 2496 26.140800 ) (4096 2496 26.140800 ) (4096 2496 128 ) (4032 2496 128 ) 
4 24 29 (3904 2496 26.140800 ) (3968 2496 26.140800 ) (3968 2496 128 ) (3904 2496 128 ) 
4 25 29 (3776 2496 26.140800 ) (3840 2496 26.140800 ) (3840 2496 128 ) (3776 2496 128 ) 
4 26 31 (3456 2496 26.140800 ) (3520 2496 26.140800 ) (3520 2496 128 ) (3456 2496 128 ) 
4 26 30 (3584 2496 26.140800 ) (3648 2496 26.140800 ) (3648 2496 128 ) (3584 2496 128 ) 
4 27 32 (3200 2496 26.140800 ) (3264 2496 26.140800 ) (3264 2496 128 ) (3200 2496 128 ) 
4 27 31 (3328 2496 26.140800 ) (3392 2496 26.140800 ) (3392 2496 128 ) (3328 2496 128 ) 
4 28 32 (3072 2496 26.140800 ) (3136 2496 26.140800 ) (3136 2496 128 ) (3072 2496 128 ) 
4 29 33 (3968 2432 26.140800 ) (4096 2432 26.140800 ) (4096 2432 128 ) (3968 2432 128 ) 
4 29 34 (3776 2432 26.140800 ) (3904 2432 26.140800 ) (3904 2432 128 ) (3776 2432 128 ) 
4 30 34 (3584 2432 26.140800 ) (3712 2432 26.140800 ) (3712 2432 128 ) (3584 2432 128 ) 
4 31 35 (3328 2432 26.140800 ) (3392 2432 26.140800 ) (3392 2432 128 ) (3328 2432 128 ) 
4 32 275 (3072 2432 128 ) (3072 2496 128 ) (3072 2496 26.140800 ) (3072 2432 26.140800 ) 
4 34 37 (3584 2368 26.140800 ) (3648 2368 26.140800 ) (3648 2368 128 ) (3584 2368 128 ) 
4 34 36 (3712 2368 26.140800 ) (3776 2368 26.140800 ) (3776 2368 128 ) (3712 2368 128 ) 
4 35 38 (3264 2368 26.140800 ) (3392 2368 26.140800 ) (3392 2368 128 ) (3264 2368 128 ) 
4 36 39 (3712 2304 26.140800 ) (3776 2304 26.140800 ) (3776 2304 128 ) (3712 2304 128 ) 
4 38 283 (3072 2304 128 ) (3072 2368 128 ) (3072 2368 26.140800 ) (3072 2304 26.140800 ) 
4 38 40 (3392 2304 26.140800 ) (3520 2304 26.140800 ) (3520 2304 128 ) (3392 2304 128 ) 
4 39 42 (3648 2240 26.140800 ) (3776 2240 26.140800 ) (3776 2240 128 ) (3648 2240 128 ) 
4 39 41 (3840 2240 26.140800 ) (3968 2240 26.140800 ) (3968 2240 128 ) (3840 2240 128 ) 
4 40 42 (3520 2240 26.140800 ) (3584 2240 26.140800 ) (3584 2240 128 ) (3520 2240 128 ) 
4 41 44 (3840 2176 26.140800 ) (3968 2176 26.140800 ) (3968 2176 128 ) (3840 2176 128 ) 
4 42 45 (3584 2176 26.140800 ) (3648 2176 26.140800 ) (3648 2176 128 ) (3584 2176 128 ) 
4 42 44 (3712 2176 26.140800 ) (3776 2176 26.140800 ) (3776 2176 128 ) (3712 2176 128 ) 
4 43 293 (3072 2176 128 ) (3072 2240 128 ) (3072 2240 26.140800 ) (3072 2176 26.140800 ) 
4 44 47 (3712 2112 26.140800 ) (3776 2112 26.140800 ) (3776 2112 128 ) (3712 2112 128 ) 
4 46 48 (3456 2112 26.140800 ) (3520 2112 26.140800 ) (3520 2112 128 ) (3456 2112 128 ) 
4 48 160 (3328 2048 128 ) (3264 2048 128 ) (3264 2048 26.140800 ) (3328 2048 26.140800 ) 
4 48 154 (3392 2048 128 ) (3328 2048 128 ) (3328 2048 26.140800 ) (3392 2048 26.140800 ) 
4 48 147 (3520 2048 128 ) (3456 2048 128 ) (3456 2048 26.140800 ) (3520 2048 26.140800 ) 
4 49 303 (3072 2048 26.140800 ) (3072 2048 128 ) (3072 2112 128 ) (3072 2112 26.140800 ) 
4 49 173 (3136 2048 128 ) (3072 2048 128 ) (3072 2048 26.140800 ) (3136 2048 26.140800 ) 
4 50 177 (4968.649902 1024 3685.860107 ) (4096 1024 3685.860107 ) (4096 1024 128 ) (4968.649902 1024 128 ) 
4 50 108 (4096 2048 3685.860107 ) (4096 2048 128 ) (4096 1024 128 ) (4096 1024 3685.860107 ) 
4 50 106 (4160 1408 128 ) (4160 1280 128 ) (4096 1280 128 ) (4096 1408 128 ) 
4 50 107 (4160 1216 128 ) (4160 1152 128 ) (4096 1152 128 ) (4096 1216 128 ) 
4 50 105 (4160 1536 128 ) (4160 1472 128 ) (4096 1472 128 ) (4096 1536 128 ) 
4 50 103 (4160 1984 128 ) (4160 1920 128 ) (4096 1920 128 ) (4096 1984 128 ) 
4 50 104 (4160 1856 128 ) (4160 1600 128 ) (4096 1600 128 ) (4096 1856 128 ) 
4 50 101 (4224 1344 128 ) (4224 1152 128 ) (4160 1152 128 ) (4160 1344 128 ) 
4 50 102 (4224 1088 128 ) (4224 1024 128 ) (4160 1024 128 ) (4160 1088 128 ) 
4 50 99 (4224 1792 128 ) (4224 1600 128 ) (4160 1600 128 ) (4160 1792 128 ) 
4 50 100 (4224 1536 128 ) (4224 1408 128 ) (4160 1408 128 ) (4160 1536 128 ) 
4 50 98 (4160 2048 128 ) (4224 2048 128 ) (4224 1856 128 ) (4160 1856 128 ) 
4 50 97 (4288 1280 128 ) (4288 1024 128 ) (4224 1024 128 ) (4224 1280 128 ) 
4 50 95 (4288 1664 128 ) (4288 1472 128 ) (4224 1472 128 ) (4224 1664 128 ) 
4 50 96 (4288 1408 128 ) (4288 1344 128 ) (4224 1344 128 ) (4224 1408 128 ) 
4 50 93 (4224 2048 128 ) (4288 2048 128 ) (4288 1984 128 ) (4224 1984 128 ) 
4 50 94 (4288 1920 128 ) (4288 1728 128 ) (4224 1728 128 ) (4224 1920 128 ) 
4 50 92 (4352 1536 128 ) (4352 1088 128 ) (4288 1088 128 ) (4288 1536 128 ) 
4 50 91 (4352 1792 128 ) (4352 1600 128 ) (4288 1600 128 ) (4288 1792 128 ) 
4 50 89 (4288 2048 128 ) (4352 2048 128 ) (4352 1984 128 ) (4288 1984 128 ) 
4 50 90 (4352 1920 128 ) (4352 1856 128 ) (4288 1856 128 ) (4288 1920 128 ) 
4 50 87 (4416 1472 128 ) (4416 1408 128 ) (4352 1408 128 ) (4352 1472 128 ) 
4 50 88 (4416 1152 128 ) (4416 1088 128 ) (4352 1088 128 ) (4352 1152 128 ) 
4 50 86 (4416 1920 128 ) (4416 1728 128 ) (4352 1728 128 ) (4352 1920 128 ) 
4 50 85 (4480 1792 128 ) (4480 1088 128 ) (4416 1088 128 ) (4416 1792 128 ) 
4 50 84 (4416 2048 128 ) (4480 2048 128 ) (4480 1856 128 ) (4416 1856 128 ) 
4 50 82 (4544 1408 128 ) (4544 1344 128 ) (4480 1344 128 ) (4480 1408 128 ) 
4 50 83 (4544 1280 128 ) (4544 1024 128 ) (4480 1024 128 ) (4480 1280 128 ) 
4 50 81 (4544 1536 128 ) (4544 1472 128 ) (4480 1472 128 ) (4480 1536 128 ) 
4 50 80 (4544 1664 128 ) (4544 1600 128 ) (4480 1600 128 ) (4480 1664 128 ) 
4 50 79 (4544 1984 128 ) (4544 1792 128 ) (4480 1792 128 ) (4480 1984 128 ) 
4 50 77 (4608 1920 128 ) (4608 1856 128 ) (4544 1856 128 ) (4544 1920 128 ) 
4 50 78 (4608 1792 128 ) (4608 1024 128 ) (4544 1024 128 ) (4544 1792 128 ) 
4 50 76 (4544 2048 128 ) (4608 2048 128 ) (4608 1984 128 ) (4544 1984 128 ) 
4 50 75 (4672 1152 128 ) (4672 1088 128 ) (4608 1088 128 ) (4608 1152 128 ) 
4 50 74 (4672 1408 128 ) (4672 1344 128 ) (4608 1344 128 ) (4608 1408 128 ) 
4 50 73 (4672 1536 128 ) (4672 1472 128 ) (4608 1472 128 ) (4608 1536 128 ) 
4 50 71 (4672 1984 128 ) (4672 1728 128 ) (4608 1728 128 ) (4608 1984 128 ) 
4 50 72 (4672 1664 128 ) (4672 1600 128 ) (4608 1600 128 ) (4608 1664 128 ) 
4 50 69 (4736 1280 128 ) (4736 1216 128 ) (4672 1216 128 ) (4672 1280 128 ) 
4 50 70 (4736 1152 128 ) (4736 1024 128 ) (4672 1024 128 ) (4672 1152 128 ) 
4 50 67 (4736 1664 128 ) (4736 1600 128 ) (4672 1600 128 ) (4672 1664 128 ) 
4 50 68 (4736 1536 128 ) (4736 1344 128 ) (4672 1344 128 ) (4672 1536 128 ) 
4 50 65 (4672 2048 128 ) (4736 2048 128 ) (4736 1920 128 ) (4672 1920 128 ) 
4 50 66 (4736 1856 128 ) (4736 1792 128 ) (4672 1792 128 ) (4672 1856 128 ) 
4 50 64 (4800 1088 128 ) (4800 1024 128 ) (4736 1024 128 ) (4736 1088 128 ) 
4 50 63 (4800 1280 128 ) (4800 1216 128 ) (4736 1216 128 ) (4736 1280 128 ) 
4 50 62 (4800 1408 128 ) (4800 1344 128 ) (4736 1344 128 ) (4736 1408 128 ) 
4 50 60 (4800 1920 128 ) (4800 1856 128 ) (4736 1856 128 ) (4736 1920 128 ) 
4 50 61 (4800 1792 128 ) (4800 1536 128 ) (4736 1536 128 ) (4736 1792 128 ) 
4 50 59 (4736 2048 128 ) (4800 2048 128 ) (4800 1984 128 ) (4736 1984 128 ) 
4 50 58 (4864 1088 128 ) (4864 1024 128 ) (4800 1024 128 ) (4800 1088 128 ) 
4 50 56 (4864 1600 128 ) (4864 1344 128 ) (4800 1344 128 ) (4800 1600 128 ) 
4 50 57 (4864 1280 128 ) (4864 1152 128 ) (4800 1152 128 ) (4800 1280 128 ) 
4 50 55 (4800 2048 128 ) (4864 2048 128 ) (4864 1792 128 ) (4800 1792 128 ) 
4 50 54 (4928 1472 128 ) (4928 1024 128 ) (4864 1024 128 ) (4864 1472 128 ) 
4 50 52 (4928 1920 128 ) (4928 1856 128 ) (4864 1856 128 ) (4864 1920 128 ) 
4 50 53 (4928 1792 128 ) (4928 1536 128 ) (4864 1536 128 ) (4864 1792 128 ) 
4 50 51 (4864 2048 128 ) (4928 2048 128 ) (4928 1984 128 ) (4864 1984 128 ) 
4 51 55 (4864 2048 26.140800 ) (4864 1984 26.140800 ) (4864 1984 128 ) (4864 2048 128 ) 
4 52 55 (4864 1920 26.140800 ) (4864 1856 26.140800 ) (4864 1856 128 ) (4864 1920 128 ) 
4 53 56 (4864 1600 26.140800 ) (4864 1536 26.140800 ) (4864 1536 128 ) (4864 1600 128 ) 
4 54 58 (4864 1088 26.140800 ) (4864 1024 26.140800 ) (4864 1024 128 ) (4864 1088 128 ) 
4 54 56 (4864 1472 26.140800 ) (4864 1344 26.140800 ) (4864 1344 128 ) (4864 1472 128 ) 
4 54 57 (4864 1280 26.140800 ) (4864 1152 26.140800 ) (4864 1152 128 ) (4864 1280 128 ) 
4 55 60 (4800 1920 26.140800 ) (4800 1856 26.140800 ) (4800 1856 128 ) (4800 1920 128 ) 
4 55 59 (4800 2048 26.140800 ) (4800 1984 26.140800 ) (4800 1984 128 ) (4800 2048 128 ) 
4 56 62 (4800 1408 26.140800 ) (4800 1344 26.140800 ) (4800 1344 128 ) (4800 1408 128 ) 
4 56 61 (4800 1600 26.140800 ) (4800 1536 26.140800 ) (4800 1536 128 ) (4800 1600 128 ) 
4 57 63 (4800 1280 26.140800 ) (4800 1216 26.140800 ) (4800 1216 128 ) (4800 1280 128 ) 
4 58 178 (4864 1024 128 ) (4800 1024 128 ) (4800 1024 26.140800 ) (4864 1024 26.140800 ) 
4 58 64 (4800 1088 26.140800 ) (4800 1024 26.140800 ) (4800 1024 128 ) (4800 1088 128 ) 
4 59 65 (4736 2048 26.140800 ) (4736 1984 26.140800 ) (4736 1984 128 ) (4736 2048 128 ) 
4 61 67 (4736 1664 26.140800 ) (4736 1600 26.140800 ) (4736 1600 128 ) (4736 1664 128 ) 
4 62 68 (4736 1408 26.140800 ) (4736 1344 26.140800 ) (4736 1344 128 ) (4736 1408 128 ) 
4 63 69 (4736 1280 26.140800 ) (4736 1216 26.140800 ) (4736 1216 128 ) (4736 1280 128 ) 
4 64 70 (4736 1088 26.140800 ) (4736 1024 26.140800 ) (4736 1024 128 ) (4736 1088 128 ) 
4 65 71 (4672 1984 26.140800 ) (4672 1920 26.140800 ) (4672 1920 128 ) (4672 1984 128 ) 
4 66 71 (4672 1856 26.140800 ) (4672 1792 26.140800 ) (4672 1792 128 ) (4672 1856 128 ) 
4 67 72 (4672 1664 26.140800 ) (4672 1600 26.140800 ) (4672 1600 128 ) (4672 1664 128 ) 
4 68 74 (4672 1408 26.140800 ) (4672 1344 26.140800 ) (4672 1344 128 ) (4672 1408 128 ) 
4 68 73 (4672 1536 26.140800 ) (4672 1472 26.140800 ) (4672 1472 128 ) (4672 1536 128 ) 
4 70 179 (4736 1024 128 ) (4672 1024 128 ) (4672 1024 26.140800 ) (4736 1024 26.140800 ) 
4 70 75 (4672 1152 26.140800 ) (4672 1088 26.140800 ) (4672 1088 128 ) (4672 1152 128 ) 
4 71 77 (4608 1920 26.140800 ) (4608 1856 26.140800 ) (4608 1856 128 ) (4608 1920 128 ) 
4 71 78 (4608 1792 26.140800 ) (4608 1728 26.140800 ) (4608 1728 128 ) (4608 1792 128 ) 
4 72 78 (4608 1664 26.140800 ) (4608 1600 26.140800 ) (4608 1600 128 ) (4608 1664 128 ) 
4 73 78 (4608 1536 26.140800 ) (4608 1472 26.140800 ) (4608 1472 128 ) (4608 1536 128 ) 
4 74 78 (4608 1408 26.140800 ) (4608 1344 26.140800 ) (4608 1344 128 ) (4608 1408 128 ) 
4 75 78 (4608 1152 26.140800 ) (4608 1088 26.140800 ) (4608 1088 128 ) (4608 1152 128 ) 
4 77 79 (4544 1920 26.140800 ) (4544 1856 26.140800 ) (4544 1856 128 ) (4544 1920 128 ) 
4 78 179 (4608 1024 128 ) (4544 1024 128 ) (4544 1024 26.140800 ) (4608 1024 26.140800 ) 
4 78 82 (4544 1408 26.140800 ) (4544 1344 26.140800 ) (4544 1344 128 ) (4544 1408 128 ) 
4 78 83 (4544 1280 26.140800 ) (4544 1024 26.140800 ) (4544 1024 128 ) (4544 1280 128 ) 
4 78 81 (4544 1536 26.140800 ) (4544 1472 26.140800 ) (4544 1472 128 ) (4544 1536 128 ) 
4 78 80 (4544 1664 26.140800 ) (4544 1600 26.140800 ) (4544 1600 128 ) (4544 1664 128 ) 
4 79 84 (4480 1984 26.140800 ) (4480 1856 26.140800 ) (4480 1856 128 ) (4480 1984 128 ) 
4 80 85 (4480 1664 26.140800 ) (4480 1600 26.140800 ) (4480 1600 128 ) (4480 1664 128 ) 
4 81 85 (4480 1536 26.140800 ) (4480 1472 26.140800 ) (4480 1472 128 ) (4480 1536 128 ) 
4 82 85 (4480 1408 26.140800 ) (4480 1344 26.140800 ) (4480 1344 128 ) (4480 1408 128 ) 
4 83 179 (4544 1024 128 ) (4480 1024 128 ) (4480 1024 26.140800 ) (4544 1024 26.140800 ) 
4 83 85 (4480 1280 26.140800 ) (4480 1088 26.140800 ) (4480 1088 128 ) (4480 1280 128 ) 
4 84 86 (4416 1920 26.140800 ) (4416 1856 26.140800 ) (4416 1856 128 ) (4416 1920 128 ) 
4 85 87 (4416 1472 26.140800 ) (4416 1408 26.140800 ) (4416 1408 128 ) (4416 1472 128 ) 
4 85 88 (4416 1152 26.140800 ) (4416 1088 26.140800 ) (4416 1088 128 ) (4416 1152 128 ) 
4 85 86 (4416 1792 26.140800 ) (4416 1728 26.140800 ) (4416 1728 128 ) (4416 1792 128 ) 
4 86 91 (4352 1792 26.140800 ) (4352 1728 26.140800 ) (4352 1728 128 ) (4352 1792 128 ) 
4 86 90 (4352 1920 26.140800 ) (4352 1856 26.140800 ) (4352 1856 128 ) (4352 1920 128 ) 
4 87 92 (4352 1472 26.140800 ) (4352 1408 26.140800 ) (4352 1408 128 ) (4352 1472 128 ) 
4 88 92 (4352 1152 26.140800 ) (4352 1088 26.140800 ) (4352 1088 128 ) (4352 1152 128 ) 
4 89 93 (4288 2048 26.140800 ) (4288 1984 26.140800 ) (4288 1984 128 ) (4288 2048 128 ) 
4 90 94 (4288 1920 26.140800 ) (4288 1856 26.140800 ) (4288 1856 128 ) (4288 1920 128 ) 
4 91 95 (4288 1664 26.140800 ) (4288 1600 26.140800 ) (4288 1600 128 ) (4288 1664 128 ) 
4 91 94 (4288 1792 26.140800 ) (4288 1728 26.140800 ) (4288 1728 128 ) (4288 1792 128 ) 
4 92 97 (4288 1280 26.140800 ) (4288 1088 26.140800 ) (4288 1088 128 ) (4288 1280 128 ) 
4 92 95 (4288 1536 26.140800 ) (4288 1472 26.140800 ) (4288 1472 128 ) (4288 1536 128 ) 
4 92 96 (4288 1408 26.140800 ) (4288 1344 26.140800 ) (4288 1344 128 ) (4288 1408 128 ) 
4 93 98 (4224 2048 26.140800 ) (4224 1984 26.140800 ) (4224 1984 128 ) (4224 2048 128 ) 
4 94 99 (4224 1792 26.140800 ) (4224 1728 26.140800 ) (4224 1728 128 ) (4224 1792 128 ) 
4 94 98 (4224 1920 26.140800 ) (4224 1856 26.140800 ) (4224 1856 128 ) (4224 1920 128 ) 
4 95 99 (4224 1664 26.140800 ) (4224 1600 26.140800 ) (4224 1600 128 ) (4224 1664 128 ) 
4 95 100 (4224 1536 26.140800 ) (4224 1472 26.140800 ) (4224 1472 128 ) (4224 1536 128 ) 
4 97 179 (4288 1024 128 ) (4224 1024 128 ) (4224 1024 26.140800 ) (4288 1024 26.140800 ) 
4 97 101 (4224 1280 26.140800 ) (4224 1152 26.140800 ) (4224 1152 128 ) (4224 1280 128 ) 
4 97 102 (4224 1088 26.140800 ) (4224 1024 26.140800 ) (4224 1024 128 ) (4224 1088 128 ) 
4 98 103 (4160 1984 26.140800 ) (4160 1920 26.140800 ) (4160 1920 128 ) (4160 1984 128 ) 
4 99 104 (4160 1792 26.140800 ) (4160 1600 26.140800 ) (4160 1600 128 ) (4160 1792 128 ) 
4 100 105 (4160 1536 26.140800 ) (4160 1472 26.140800 ) (4160 1472 128 ) (4160 1536 128 ) 
4 101 106 (4160 1344 26.140800 ) (4160 1280 26.140800 ) (4160 1280 128 ) (4160 1344 128 ) 
4 101 107 (4160 1216 26.140800 ) (4160 1152 26.140800 ) (4160 1152 128 ) (4160 1216 128 ) 
4 103 109 (4096 1984 26.140800 ) (4096 1920 26.140800 ) (4096 1920 128 ) (4096 1984 128 ) 
4 104 111 (4096 1664 26.140800 ) (4096 1600 26.140800 ) (4096 1600 128 ) (4096 1664 128 ) 
4 104 110 (4096 1792 26.140800 ) (4096 1728 26.140800 ) (4096 1728 128 ) (4096 1792 128 ) 
4 105 111 (4096 1536 26.140800 ) (4096 1472 26.140800 ) (4096 1472 128 ) (4096 1536 128 ) 
4 106 111 (4096 1408 26.140800 ) (4096 1344 26.140800 ) (4096 1344 128 ) (4096 1408 128 ) 
4 107 112 (4096 1216 26.140800 ) (4096 1152 26.140800 ) (4096 1152 128 ) (4096 1216 128 ) 
4 108 326 (3072 1024 128 ) (3072 1024 3685.860107 ) (3072 2048 3685.860107 ) (3072 2048 128 ) 
4 108 212 (3072 1024 3685.860107 ) (3072 1024 128 ) (4096 1024 128 ) (4096 1024 3685.860107 ) 
4 108 175 (3072 1408 128 ) (3072 1600 128 ) (3136 1600 128 ) (3136 1408 128 ) 
4 108 176 (3136 1024 128 ) (3072 1024 128 ) (3072 1280 128 ) (3136 1280 128 ) 
4 108 174 (3072 1664 128 ) (3072 1792 128 ) (3136 1792 128 ) (3136 1664 128 ) 
4 108 173 (3072 1920 128 ) (3072 2048 128 ) (3136 2048 128 ) (3136 1920 128 ) 
4 108 172 (3200 1024 128 ) (3136 1024 128 ) (3136 1088 128 ) (3200 1088 128 ) 
4 108 170 (3136 1472 128 ) (3136 1664 128 ) (3200 1664 128 ) (3200 1472 128 ) 
4 108 171 (3136 1152 128 ) (3136 1408 128 ) (3200 1408 128 ) (3200 1152 128 ) 
4 108 169 (3136 1728 128 ) (3136 1856 128 ) (3200 1856 128 ) (3200 1728 128 ) 
4 108 168 (3136 1920 128 ) (3136 2048 128 ) (3200 2048 128 ) (3200 1920 128 ) 
4 108 167 (3264 1024 128 ) (3200 1024 128 ) (3200 1216 128 ) (3264 1216 128 ) 
4 108 165 (3200 1472 128 ) (3200 1984 128 ) (3264 1984 128 ) (3264 1472 128 ) 
4 108 166 (3200 1280 128 ) (3200 1408 128 ) (3264 1408 128 ) (3264 1280 128 ) 
4 108 163 (3264 1280 128 ) (3264 1472 128 ) (3328 1472 128 ) (3328 1280 128 ) 
4 108 164 (3328 1024 128 ) (3264 1024 128 ) (3264 1216 128 ) (3328 1216 128 ) 
4 108 162 (3264 1536 128 ) (3264 1728 128 ) (3328 1728 128 ) (3328 1536 128 ) 
4 108 160 (3264 1984 128 ) (3264 2048 128 ) (3328 2048 128 ) (3328 1984 128 ) 
4 108 161 (3264 1792 128 ) (3264 1920 128 ) (3328 1920 128 ) (3328 1792 128 ) 
4 108 159 (3328 1152 128 ) (3328 1280 128 ) (3392 1280 128 ) (3392 1152 128 ) 
4 108 157 (3328 1536 128 ) (3328 1600 128 ) (3392 1600 128 ) (3392 1536 128 ) 
4 108 158 (3328 1408 128 ) (3328 1472 128 ) (3392 1472 128 ) (3392 1408 128 ) 
4 108 156 (3328 1664 128 ) (3328 1728 128 ) (3392 1728 128 ) (3392 1664 128 ) 
4 108 155 (3328 1792 128 ) (3328 1856 128 ) (3392 1856 128 ) (3392 1792 128 ) 
4 108 154 (3328 1920 128 ) (3328 2048 128 ) (3392 2048 128 ) (3392 1920 128 ) 
4 108 153 (3456 1024 128 ) (3392 1024 128 ) (3392 1728 128 ) (3456 1728 128 ) 
4 108 152 (3392 1792 128 ) (3392 1984 128 ) (3456 1984 128 ) (3456 1792 128 ) 
4 108 151 (3456 1088 128 ) (3456 1216 128 ) (3520 1216 128 ) (3520 1088 128 ) 
4 108 149 (3456 1536 128 ) (3456 1664 128 ) (3520 1664 128 ) (3520 1536 128 ) 
4 108 150 (3456 1280 128 ) (3456 1344 128 ) (3520 1344 128 ) (3520 1280 128 ) 
4 108 148 (3456 1728 128 ) (3456 1856 128 ) (3520 1856 128 ) (3520 1728 128 ) 
4 108 147 (3456 1920 128 ) (3456 2048 128 ) (3520 2048 128 ) (3520 1920 128 ) 
4 108 146 (3584 1024 128 ) (3520 1024 128 ) (3520 1152 128 ) (3584 1152 128 ) 
4 108 145 (3520 1216 128 ) (3520 1920 128 ) (3584 1920 128 ) (3584 1216 128 ) 
4 108 144 (3648 1024 128 ) (3584 1024 128 ) (3584 1088 128 ) (3648 1088 128 ) 
4 108 143 (3584 1152 128 ) (3584 1216 128 ) (3648 1216 128 ) (3648 1152 128 ) 
4 108 141 (3584 1472 128 ) (3584 1600 128 ) (3648 1600 128 ) (3648 1472 128 ) 
4 108 142 (3584 1280 128 ) (3584 1344 128 ) (3648 1344 128 ) (3648 1280 128 ) 
4 108 140 (3584 1664 128 ) (3584 1728 128 ) (3648 1728 128 ) (3648 1664 128 ) 
4 108 139 (3584 1792 128 ) (3584 2048 128 ) (3648 2048 128 ) (3648 1792 128 ) 
4 108 137 (3648 1408 128 ) (3648 1856 128 ) (3712 1856 128 ) (3712 1408 128 ) 
4 108 138 (3712 1024 128 ) (3648 1024 128 ) (3648 1344 128 ) (3712 1344 128 ) 
4 108 136 (3648 1920 128 ) (3648 1984 128 ) (3712 1984 128 ) (3712 1920 128 ) 
4 108 135 (3776 1024 128 ) (3712 1024 128 ) (3712 1088 128 ) (3776 1088 128 ) 
4 108 134 (3712 1280 128 ) (3712 1472 128 ) (3776 1472 128 ) (3776 1280 128 ) 
4 108 133 (3712 1536 128 ) (3712 1664 128 ) (3776 1664 128 ) (3776 1536 128 ) 
4 108 131 (3712 1856 128 ) (3712 1984 128 ) (3776 1984 128 ) (3776 1856 128 ) 
4 108 132 (3712 1728 128 ) (3712 1792 128 ) (3776 1792 128 ) (3776 1728 128 ) 
4 108 129 (3776 1152 128 ) (3776 1216 128 ) (3840 1216 128 ) (3840 1152 128 ) 
4 108 130 (3840 1024 128 ) (3776 1024 128 ) (3776 1088 128 ) (3840 1088 128 ) 
4 108 128 (3776 1280 128 ) (3776 1344 128 ) (3840 1344 128 ) (3840 1280 128 ) 
4 108 127 (3776 1472 128 ) (3776 1536 128 ) (3840 1536 128 ) (3840 1472 128 ) 
4 108 125 (3776 1984 128 ) (3776 2048 128 ) (3840 2048 128 ) (3840 1984 128 ) 
4 108 126 (3776 1600 128 ) (3776 1920 128 ) (3840 1920 128 ) (3840 1600 128 ) 
4 108 124 (3840 1088 128 ) (3840 1216 128 ) (3904 1216 128 ) (3904 1088 128 ) 
4 108 122 (3840 1664 128 ) (3840 1728 128 ) (3904 1728 128 ) (3904 1664 128 ) 
4 108 123 (3840 1344 128 ) (3840 1600 128 ) (3904 1600 128 ) (3904 1344 128 ) 
4 108 121 (3840 1792 128 ) (3840 2048 128 ) (3904 2048 128 ) (3904 1792 128 ) 
4 108 120 (3968 1024 128 ) (3904 1024 128 ) (3904 1152 128 ) (3968 1152 128 ) 
4 108 119 (3904 1216 128 ) (3904 1280 128 ) (4032 1280 128 ) (4032 1216 128 ) 
4 108 118 (3904 1344 128 ) (3904 1408 128 ) (4032 1408 128 ) (4032 1344 128 ) 
4 108 115 (3968 1856 128 ) (4032 1856 128 ) (4032 1664 128 ) (3968 1664 128 ) 
4 108 116 (4032 1600 128 ) (4032 1536 128 ) (3968 1536 128 ) (3968 1600 128 ) 
4 108 117 (3904 1472 128 ) (3904 1856 128 ) (3968 1856 128 ) (3968 1472 128 ) 
4 108 114 (3904 1920 128 ) (3904 1984 128 ) (4032 1984 128 ) (4032 1920 128 ) 
4 108 113 (3968 2048 128 ) (4032 2048 128 ) (4032 1984 128 ) (3968 1984 128 ) 
4 108 111 (4032 1344 128 ) (4032 1664 128 ) (4096 1664 128 ) (4096 1344 128 ) 
4 108 112 (4096 1024 128 ) (4032 1024 128 ) (4032 1280 128 ) (4096 1280 128 ) 
4 108 109 (4032 1920 128 ) (4032 1984 128 ) (4096 1984 128 ) (4096 1920 128 ) 
4 108 110 (4032 1728 128 ) (4032 1792 128 ) (4096 1792 128 ) (4096 1728 128 ) 
4 109 114 (4032 1984 26.140800 ) (4032 1920 26.140800 ) (4032 1920 128 ) (4032 1984 128 ) 
4 110 115 (4032 1792 26.140800 ) (4032 1728 26.140800 ) (4032 1728 128 ) (4032 1792 128 ) 
4 111 118 (4032 1408 26.140800 ) (4032 1344 26.140800 ) (4032 1344 128 ) (4032 1408 128 ) 
4 111 116 (4032 1600 26.140800 ) (4032 1536 26.140800 ) (4032 1536 128 ) (4032 1600 128 ) 
4 112 213 (4032 1024 26.140800 ) (4096 1024 26.140800 ) (4096 1024 128 ) (4032 1024 128 ) 
4 112 119 (4032 1280 26.140800 ) (4032 1216 26.140800 ) (4032 1216 128 ) (4032 1280 128 ) 
4 113 114 (3968 1984 26.140800 ) (4032 1984 26.140800 ) (4032 1984 128 ) (3968 1984 128 ) 
4 114 121 (3904 1984 26.140800 ) (3904 1920 26.140800 ) (3904 1920 128 ) (3904 1984 128 ) 
4 115 117 (3968 1856 128 ) (3968 1856 26.140800 ) (3968 1664 26.140800 ) (3968 1664 128 ) 
4 116 117 (3968 1600 26.140800 ) (3968 1536 26.140800 ) (3968 1536 128 ) (3968 1600 128 ) 
4 117 122 (3904 1728 26.140800 ) (3904 1664 26.140800 ) (3904 1664 128 ) (3904 1728 128 ) 
4 117 123 (3904 1600 26.140800 ) (3904 1472 26.140800 ) (3904 1472 128 ) (3904 1600 128 ) 
4 117 121 (3904 1856 26.140800 ) (3904 1792 26.140800 ) (3904 1792 128 ) (3904 1856 128 ) 
4 118 123 (3904 1408 26.140800 ) (3904 1344 26.140800 ) (3904 1344 128 ) (3904 1408 128 ) 
4 120 213 (3904 1024 26.140800 ) (3968 1024 26.140800 ) (3968 1024 128 ) (3904 1024 128 ) 
4 120 124 (3904 1152 26.140800 ) (3904 1088 26.140800 ) (3904 1088 128 ) (3904 1152 128 ) 
4 121 125 (3840 2048 26.140800 ) (3840 1984 26.140800 ) (3840 1984 128 ) (3840 2048 128 ) 
4 121 126 (3840 1920 26.140800 ) (3840 1792 26.140800 ) (3840 1792 128 ) (3840 1920 128 ) 
4 122 126 (3840 1728 26.140800 ) (3840 1664 26.140800 ) (3840 1664 128 ) (3840 1728 128 ) 
4 123 127 (3840 1536 26.140800 ) (3840 1472 26.140800 ) (3840 1472 128 ) (3840 1536 128 ) 
4 124 129 (3840 1216 26.140800 ) (3840 1152 26.140800 ) (3840 1152 128 ) (3840 1216 128 ) 
4 126 133 (3776 1664 26.140800 ) (3776 1600 26.140800 ) (3776 1600 128 ) (3776 1664 128 ) 
4 126 131 (3776 1920 26.140800 ) (3776 1856 26.140800 ) (3776 1856 128 ) (3776 1920 128 ) 
4 126 132 (3776 1792 26.140800 ) (3776 1728 26.140800 ) (3776 1728 128 ) (3776 1792 128 ) 
4 128 134 (3776 1344 26.140800 ) (3776 1280 26.140800 ) (3776 1280 128 ) (3776 1344 128 ) 
4 130 214 (3776 1024 26.140800 ) (3840 1024 26.140800 ) (3840 1024 128 ) (3776 1024 128 ) 
4 130 135 (3776 1088 26.140800 ) (3776 1024 26.140800 ) (3776 1024 128 ) (3776 1088 128 ) 
4 131 136 (3712 1984 26.140800 ) (3712 1920 26.140800 ) (3712 1920 128 ) (3712 1984 128 ) 
4 132 137 (3712 1792 26.140800 ) (3712 1728 26.140800 ) (3712 1728 128 ) (3712 1792 128 ) 
4 133 137 (3712 1664 26.140800 ) (3712 1536 26.140800 ) (3712 1536 128 ) (3712 1664 128 ) 
4 134 137 (3712 1472 26.140800 ) (3712 1408 26.140800 ) (3712 1408 128 ) (3712 1472 128 ) 
4 134 138 (3712 1344 26.140800 ) (3712 1280 26.140800 ) (3712 1280 128 ) (3712 1344 128 ) 
4 135 214 (3712 1024 26.140800 ) (3776 1024 26.140800 ) (3776 1024 128 ) (3712 1024 128 ) 
4 135 138 (3712 1088 26.140800 ) (3712 1024 26.140800 ) (3712 1024 128 ) (3712 1088 128 ) 
4 136 139 (3648 1984 26.140800 ) (3648 1920 26.140800 ) (3648 1920 128 ) (3648 1984 128 ) 
4 137 141 (3648 1600 26.140800 ) (3648 1472 26.140800 ) (3648 1472 128 ) (3648 1600 128 ) 
4 137 140 (3648 1728 26.140800 ) (3648 1664 26.140800 ) (3648 1664 128 ) (3648 1728 128 ) 
4 137 139 (3648 1856 26.140800 ) (3648 1792 26.140800 ) (3648 1792 128 ) (3648 1856 128 ) 
4 138 144 (3648 1088 26.140800 ) (3648 1024 26.140800 ) (3648 1024 128 ) (3648 1088 128 ) 
4 138 143 (3648 1216 26.140800 ) (3648 1152 26.140800 ) (3648 1152 128 ) (3648 1216 128 ) 
4 138 142 (3648 1344 26.140800 ) (3648 1280 26.140800 ) (3648 1280 128 ) (3648 1344 128 ) 
4 139 145 (3584 1920 26.140800 ) (3584 1792 26.140800 ) (3584 1792 128 ) (3584 1920 128 ) 
4 140 145 (3584 1728 26.140800 ) (3584 1664 26.140800 ) (3584 1664 128 ) (3584 1728 128 ) 
4 141 145 (3584 1600 26.140800 ) (3584 1472 26.140800 ) (3584 1472 128 ) (3584 1600 128 ) 
4 142 145 (3584 1344 26.140800 ) (3584 1280 26.140800 ) (3584 1280 128 ) (3584 1344 128 ) 
4 144 215 (3584 1024 26.140800 ) (3648 1024 26.140800 ) (3648 1024 128 ) (3584 1024 128 ) 
4 144 146 (3584 1088 26.140800 ) (3584 1024 26.140800 ) (3584 1024 128 ) (3584 1088 128 ) 
4 145 149 (3520 1664 26.140800 ) (3520 1536 26.140800 ) (3520 1536 128 ) (3520 1664 128 ) 
4 145 150 (3520 1344 26.140800 ) (3520 1280 26.140800 ) (3520 1280 128 ) (3520 1344 128 ) 
4 145 148 (3520 1856 26.140800 ) (3520 1728 26.140800 ) (3520 1728 128 ) (3520 1856 128 ) 
4 146 215 (3520 1024 26.140800 ) (3584 1024 26.140800 ) (3584 1024 128 ) (3520 1024 128 ) 
4 146 151 (3520 1152 26.140800 ) (3520 1088 26.140800 ) (3520 1088 128 ) (3520 1152 128 ) 
4 147 152 (3456 1984 26.140800 ) (3456 1920 26.140800 ) (3456 1920 128 ) (3456 1984 128 ) 
4 148 152 (3456 1856 26.140800 ) (3456 1792 26.140800 ) (3456 1792 128 ) (3456 1856 128 ) 
4 149 153 (3456 1664 26.140800 ) (3456 1536 26.140800 ) (3456 1536 128 ) (3456 1664 128 ) 
4 150 153 (3456 1344 26.140800 ) (3456 1280 26.140800 ) (3456 1280 128 ) (3456 1344 128 ) 
4 151 153 (3456 1216 26.140800 ) (3456 1088 26.140800 ) (3456 1088 128 ) (3456 1216 128 ) 
4 152 155 (3392 1856 26.140800 ) (3392 1792 26.140800 ) (3392 1792 128 ) (3392 1856 128 ) 
4 152 154 (3392 1984 26.140800 ) (3392 1920 26.140800 ) (3392 1920 128 ) (3392 1984 128 ) 
4 153 216 (3392 1024 26.140800 ) (3456 1024 26.140800 ) (3456 1024 128 ) (3392 1024 128 ) 
4 153 159 (3392 1280 26.140800 ) (3392 1152 26.140800 ) (3392 1152 128 ) (3392 1280 128 ) 
4 153 157 (3392 1600 26.140800 ) (3392 1536 26.140800 ) (3392 1536 128 ) (3392 1600 128 ) 
4 153 158 (3392 1472 26.140800 ) (3392 1408 26.140800 ) (3392 1408 128 ) (3392 1472 128 ) 
4 153 156 (3392 1728 26.140800 ) (3392 1664 26.140800 ) (3392 1664 128 ) (3392 1728 128 ) 
4 154 160 (3328 2048 26.140800 ) (3328 1984 26.140800 ) (3328 1984 128 ) (3328 2048 128 ) 
4 155 161 (3328 1856 26.140800 ) (3328 1792 26.140800 ) (3328 1792 128 ) (3328 1856 128 ) 
4 156 162 (3328 1728 26.140800 ) (3328 1664 26.140800 ) (3328 1664 128 ) (3328 1728 128 ) 
4 157 162 (3328 1600 26.140800 ) (3328 1536 26.140800 ) (3328 1536 128 ) (3328 1600 128 ) 
4 158 163 (3328 1472 26.140800 ) (3328 1408 26.140800 ) (3328 1408 128 ) (3328 1472 128 ) 
4 159 164 (3328 1216 26.140800 ) (3328 1152 26.140800 ) (3328 1152 128 ) (3328 1216 128 ) 
4 161 165 (3264 1920 26.140800 ) (3264 1792 26.140800 ) (3264 1792 128 ) (3264 1920 128 ) 
4 162 165 (3264 1728 26.140800 ) (3264 1536 26.140800 ) (3264 1536 128 ) (3264 1728 128 ) 
4 163 166 (3264 1408 26.140800 ) (3264 1280 26.140800 ) (3264 1280 128 ) (3264 1408 128 ) 
4 164 216 (3264 1024 26.140800 ) (3328 1024 26.140800 ) (3328 1024 128 ) (3264 1024 128 ) 
4 164 167 (3264 1216 26.140800 ) (3264 1024 26.140800 ) (3264 1024 128 ) (3264 1216 128 ) 
4 165 170 (3200 1664 26.140800 ) (3200 1472 26.140800 ) (3200 1472 128 ) (3200 1664 128 ) 
4 165 169 (3200 1856 26.140800 ) (3200 1728 26.140800 ) (3200 1728 128 ) (3200 1856 128 ) 
4 165 168 (3200 1984 26.140800 ) (3200 1920 26.140800 ) (3200 1920 128 ) (3200 1984 128 ) 
4 166 171 (3200 1408 26.140800 ) (3200 1280 26.140800 ) (3200 1280 128 ) (3200 1408 128 ) 
4 167 172 (3200 1088 26.140800 ) (3200 1024 26.140800 ) (3200 1024 128 ) (3200 1088 128 ) 
4 167 171 (3200 1216 26.140800 ) (3200 1152 26.140800 ) (3200 1152 128 ) (3200 1216 128 ) 
4 168 173 (3136 2048 26.140800 ) (3136 1920 26.140800 ) (3136 1920 128 ) (3136 2048 128 ) 
4 169 174 (3136 1792 26.140800 ) (3136 1728 26.140800 ) (3136 1728 128 ) (3136 1792 128 ) 
4 170 175 (3136 1600 26.140800 ) (3136 1472 26.140800 ) (3136 1472 128 ) (3136 1600 128 ) 
4 171 176 (3136 1280 26.140800 ) (3136 1152 26.140800 ) (3136 1152 128 ) (3136 1280 128 ) 
4 172 217 (3136 1024 26.140800 ) (3200 1024 26.140800 ) (3200 1024 128 ) (3136 1024 128 ) 
4 172 176 (3136 1088 26.140800 ) (3136 1024 26.140800 ) (3136 1024 128 ) (3136 1088 128 ) 
4 174 327 (3072 1664 128 ) (3072 1792 128 ) (3072 1792 26.140800 ) (3072 1664 26.140800 ) 
4 175 350 (3072 1408 128 ) (3072 1472 128 ) (3072 1472 26.140800 ) (3072 1408 26.140800 ) 
4 175 348 (3072 1472 128 ) (3072 1536 128 ) (3072 1536 26.140800 ) (3072 1472 26.140800 ) 
4 176 357 (3072 1216 128 ) (3072 1280 128 ) (3072 1280 26.140800 ) (3072 1216 26.140800 ) 
4 176 217 (3072 1024 128 ) (3072 1024 26.140800 ) (3136 1024 26.140800 ) (3136 1024 128 ) 
4 177 212 (4096 1024 3685.860107 ) (4096 1024 128 ) (4096 143.407013 128 ) (4096 143.407013 3685.860107 ) 
4 177 211 (4096 320 128 ) (4096 384 128 ) (4160 384 128 ) (4160 320 128 ) 
4 177 210 (4672 192 128 ) (4160 192 128 ) (4160 256 128 ) (4672 256 128 ) 
4 177 209 (4288 256 128 ) (4224 256 128 ) (4224 320 128 ) (4288 320 128 ) 
4 177 208 (4160 384 128 ) (4480 384 128 ) (4480 320 128 ) (4160 320 128 ) 
4 177 206 (4608 384 128 ) (4672 384 128 ) (4672 256 128 ) (4608 256 128 ) 
4 177 207 (4480 384 128 ) (4544 384 128 ) (4544 256 128 ) (4480 256 128 ) 
4 177 205 (4672 384 128 ) (4736 384 128 ) (4736 320 128 ) (4672 320 128 ) 
4 177 204 (4800 256 128 ) (4800 192 128 ) (4736 192 128 ) (4736 256 128 ) 
4 177 203 (4800 384 128 ) (4864 384 128 ) (4864 192 128 ) (4800 192 128 ) 
4 177 202 (4096 384 128 ) (4096 448 128 ) (4160 448 128 ) (4160 384 128 ) 
4 177 200 (4800 448 128 ) (4928 448 128 ) (4928 384 128 ) (4800 384 128 ) 
4 177 201 (4224 448 128 ) (4288 448 128 ) (4288 384 128 ) (4224 384 128 ) 
4 177 199 (4096 448 128 ) (4096 512 128 ) (4864 512 128 ) (4864 448 128 ) 
4 177 198 (4096 512 128 ) (4096 640 128 ) (4160 640 128 ) (4160 512 128 ) 
4 177 197 (4096 640 128 ) (4096 704 128 ) (4224 704 128 ) (4224 640 128 ) 
4 177 195 (4352 576 128 ) (4288 576 128 ) (4288 640 128 ) (4352 640 128 ) 
4 177 194 (4416 704 128 ) (4416 576 128 ) (4352 576 128 ) (4352 704 128 ) 
4 177 196 (4288 576 128 ) (4224 576 128 ) (4224 704 128 ) (4288 704 128 ) 
4 177 193 (4352 768 128 ) (4416 768 128 ) (4416 704 128 ) (4352 704 128 ) 
4 177 191 (4672 512 128 ) (4608 512 128 ) (4608 576 128 ) (4672 576 128 ) 
4 177 192 (4544 512 128 ) (4480 512 128 ) (4480 576 128 ) (4544 576 128 ) 
4 177 190 (4864 576 128 ) (4864 512 128 ) (4800 512 128 ) (4800 576 128 ) 
4 177 189 (4544 576 128 ) (4480 576 128 ) (4480 640 128 ) (4544 640 128 ) 
4 177 188 (4672 576 128 ) (4608 576 128 ) (4608 640 128 ) (4672 640 128 ) 
4 177 187 (4864 640 128 ) (4864 576 128 ) (4736 576 128 ) (4736 640 128 ) 
4 177 186 (4800 640 128 ) (4480 640 128 ) (4480 704 128 ) (4800 704 128 ) 
4 177 185 (4480 768 128 ) (4544 768 128 ) (4544 704 128 ) (4480 704 128 ) 
4 177 184 (4096 896 128 ) (4096 960 128 ) (4224 960 128 ) (4224 896 128 ) 
4 177 181 (4544 832 128 ) (4416 832 128 ) (4416 960 128 ) (4544 960 128 ) 
4 177 182 (4288 832 128 ) (4224 832 128 ) (4224 960 128 ) (4288 960 128 ) 
4 177 180 (4736 960 128 ) (4736 832 128 ) (4672 832 128 ) (4672 960 128 ) 
4 177 179 (4224 1024 128 ) (4736 1024 128 ) (4736 960 128 ) (4224 960 128 ) 
4 177 183 (4736 832 128 ) (4736 768 128 ) (4224 768 128 ) (4224 832 128 ) 
4 177 178 (4800 1024 128 ) (4864 1024 128 ) (4864 768 128 ) (4800 768 128 ) 
4 179 181 (4416 960 26.140800 ) (4544 960 26.140800 ) (4544 960 128 ) (4416 960 128 ) 
4 179 182 (4224 960 128 ) (4224 960 26.140800 ) (4288 960 26.140800 ) (4288 960 128 ) 
4 179 180 (4672 960 26.140800 ) (4736 960 26.140800 ) (4736 960 128 ) (4672 960 128 ) 
4 180 183 (4672 832 26.140800 ) (4736 832 26.140800 ) (4736 832 128 ) (4672 832 128 ) 
4 181 183 (4416 832 26.140800 ) (4544 832 26.140800 ) (4544 832 128 ) (4416 832 128 ) 
4 182 184 (4224 960 26.140800 ) (4224 896 26.140800 ) (4224 896 128 ) (4224 960 128 ) 
4 182 183 (4224 832 128 ) (4224 832 26.140800 ) (4288 832 26.140800 ) (4288 832 128 ) 
4 183 193 (4352 768 26.140800 ) (4416 768 26.140800 ) (4416 768 128 ) (4352 768 128 ) 
4 183 185 (4480 768 26.140800 ) (4544 768 26.140800 ) (4544 768 128 ) (4480 768 128 ) 
4 184 218 (4096 960 26.140800 ) (4096 896 26.140800 ) (4096 896 128 ) (4096 960 128 ) 
4 185 186 (4480 704 26.140800 ) (4544 704 26.140800 ) (4544 704 128 ) (4480 704 128 ) 
4 186 189 (4480 640 26.140800 ) (4544 640 26.140800 ) (4544 640 128 ) (4480 640 128 ) 
4 186 188 (4608 640 26.140800 ) (4672 640 26.140800 ) (4672 640 128 ) (4608 640 128 ) 
4 186 187 (4736 640 26.140800 ) (4800 640 26.140800 ) (4800 640 128 ) (4736 640 128 ) 
4 187 190 (4800 576 26.140800 ) (4864 576 26.140800 ) (4864 576 128 ) (4800 576 128 ) 
4 188 191 (4608 576 26.140800 ) (4672 576 26.140800 ) (4672 576 128 ) (4608 576 128 ) 
4 189 192 (4480 576 26.140800 ) (4544 576 26.140800 ) (4544 576 128 ) (4480 576 128 ) 
4 190 199 (4800 512 26.140800 ) (4864 512 26.140800 ) (4864 512 128 ) (4800 512 128 ) 
4 191 199 (4608 512 26.140800 ) (4672 512 26.140800 ) (4672 512 128 ) (4608 512 128 ) 
4 192 199 (4480 512 26.140800 ) (4544 512 26.140800 ) (4544 512 128 ) (4480 512 128 ) 
4 193 194 (4352 704 26.140800 ) (4416 704 26.140800 ) (4416 704 128 ) (4352 704 128 ) 
4 194 195 (4352 640 26.140800 ) (4352 576 26.140800 ) (4352 576 128 ) (4352 640 128 ) 
4 195 196 (4288 640 26.140800 ) (4288 576 26.140800 ) (4288 576 128 ) (4288 640 128 ) 
4 196 197 (4224 704 26.140800 ) (4224 640 26.140800 ) (4224 640 128 ) (4224 704 128 ) 
4 197 235 (4096 704 26.140800 ) (4096 640 26.140800 ) (4096 640 128 ) (4096 704 128 ) 
4 197 198 (4096 640 26.140800 ) (4160 640 26.140800 ) (4160 640 128 ) (4096 640 128 ) 
4 198 243 (4096 576 26.140800 ) (4096 512 26.140800 ) (4096 512 128 ) (4096 576 128 ) 
4 198 199 (4096 512 26.140800 ) (4160 512 26.140800 ) (4160 512 128 ) (4096 512 128 ) 
4 199 202 (4096 448 26.140800 ) (4160 448 26.140800 ) (4160 448 128 ) (4096 448 128 ) 
4 199 200 (4800 448 26.140800 ) (4864 448 26.140800 ) (4864 448 128 ) (4800 448 128 ) 
4 199 201 (4224 448 26.140800 ) (4288 448 26.140800 ) (4288 448 128 ) (4224 448 128 ) 
4 200 203 (4800 384 26.140800 ) (4864 384 26.140800 ) (4864 384 128 ) (4800 384 128 ) 
4 201 208 (4224 384 26.140800 ) (4288 384 26.140800 ) (4288 384 128 ) (4224 384 128 ) 
4 202 250 (4096 448 26.140800 ) (4096 384 26.140800 ) (4096 384 128 ) (4096 448 128 ) 
4 202 211 (4096 384 26.140800 ) (4160 384 26.140800 ) (4160 384 128 ) (4096 384 128 ) 
4 203 204 (4800 256 26.140800 ) (4800 192 26.140800 ) (4800 192 128 ) (4800 256 128 ) 
4 205 206 (4672 384 128 ) (4672 384 26.140800 ) (4672 320 26.140800 ) (4672 320 128 ) 
4 206 210 (4608 256 26.140800 ) (4672 256 26.140800 ) (4672 256 128 ) (4608 256 128 ) 
4 207 210 (4480 256 26.140800 ) (4544 256 26.140800 ) (4544 256 128 ) (4480 256 128 ) 
4 207 208 (4480 384 128 ) (4480 384 26.140800 ) (4480 320 26.140800 ) (4480 320 128 ) 
4 208 211 (4160 384 128 ) (4160 384 26.140800 ) (4160 320 26.140800 ) (4160 320 128 ) 
4 208 209 (4224 320 26.140800 ) (4288 320 26.140800 ) (4288 320 128 ) (4224 320 128 ) 
4 209 210 (4224 256 26.140800 ) (4288 256 26.140800 ) (4288 256 128 ) (4224 256 128 ) 
4 212 432 (3072 143.407013 3685.860107 ) (3072 1024 3685.860107 ) (3072 1024 128 ) (3072 143.407013 128 ) 
4 212 270 (3136 256 128 ) (3200 256 128 ) (3200 192 128 ) (3136 192 128 ) 
4 212 269 (3328 256 128 ) (3392 256 128 ) (3392 192 128 ) (3328 192 128 ) 
4 212 268 (3584 256 128 ) (3712 256 128 ) (3712 192 128 ) (3584 192 128 ) 
4 212 267 (3776 256 128 ) (3968 256 128 ) (3968 192 128 ) (3776 192 128 ) 
4 212 266 (4032 256 128 ) (4096 256 128 ) (4096 192 128 ) (4032 192 128 ) 
4 212 264 (3520 320 128 ) (3584 320 128 ) (3584 256 128 ) (3520 256 128 ) 
4 212 265 (3072 256 128 ) (3072 320 128 ) (3456 320 128 ) (3456 256 128 ) 
4 212 263 (3648 320 128 ) (3840 320 128 ) (3840 256 128 ) (3648 256 128 ) 
4 212 262 (3904 320 128 ) (4096 320 128 ) (4096 256 128 ) (3904 256 128 ) 
4 212 261 (3136 384 128 ) (3200 384 128 ) (3200 320 128 ) (3136 320 128 ) 
4 212 260 (3264 384 128 ) (3328 384 128 ) (3328 320 128 ) (3264 320 128 ) 
4 212 259 (3392 384 128 ) (3456 384 128 ) (3456 320 128 ) (3392 320 128 ) 
4 212 257 (3648 384 128 ) (3712 384 128 ) (3712 320 128 ) (3648 320 128 ) 
4 212 258 (3520 384 128 ) (3584 384 128 ) (3584 320 128 ) (3520 320 128 ) 
4 212 256 (3776 384 128 ) (3840 384 128 ) (3840 320 128 ) (3776 320 128 ) 
4 212 255 (3904 384 128 ) (3968 384 128 ) (3968 320 128 ) (3904 320 128 ) 
4 212 254 (3072 384 128 ) (3072 448 128 ) (3200 448 128 ) (3200 384 128 ) 
4 212 253 (3328 448 128 ) (3392 448 128 ) (3392 384 128 ) (3328 384 128 ) 
4 212 252 (3456 448 128 ) (3712 448 128 ) (3712 384 128 ) (3456 384 128 ) 
4 212 250 (3904 448 128 ) (4096 448 128 ) (4096 384 128 ) (3904 384 128 ) 
4 212 251 (3776 448 128 ) (3840 448 128 ) (3840 384 128 ) (3776 384 128 ) 
4 212 249 (3136 512 128 ) (3392 512 128 ) (3392 448 128 ) (3136 448 128 ) 
4 212 248 (3456 512 128 ) (3520 512 128 ) (3520 448 128 ) (3456 448 128 ) 
4 212 247 (3776 512 128 ) (3904 512 128 ) (3904 448 128 ) (3776 448 128 ) 
4 212 246 (3136 576 128 ) (3200 576 128 ) (3200 512 128 ) (3136 512 128 ) 
4 212 245 (3328 576 128 ) (3520 576 128 ) (3520 512 128 ) (3328 512 128 ) 
4 212 244 (3584 576 128 ) (3712 576 128 ) (3712 512 128 ) (3584 512 128 ) 
4 212 243 (3840 576 128 ) (4096 576 128 ) (4096 512 128 ) (3840 512 128 ) 
4 212 242 (3072 576 128 ) (3072 640 128 ) (3264 640 128 ) (3264 576 128 ) 
4 212 240 (3584 640 128 ) (3648 640 128 ) (3648 576 128 ) (3584 576 128 ) 
4 212 241 (3456 640 128 ) (3520 640 128 ) (3520 576 128 ) (3456 576 128 ) 
4 212 239 (3840 640 128 ) (3904 640 128 ) (3904 576 128 ) (3840 576 128 ) 
4 212 238 (3072 640 128 ) (3072 704 128 ) (3136 704 128 ) (3136 640 128 ) 
4 212 236 (3584 704 128 ) (3776 704 128 ) (3776 640 128 ) (3584 640 128 ) 
4 212 237 (3200 704 128 ) (3520 704 128 ) (3520 640 128 ) (3200 640 128 ) 
4 212 235 (3968 704 128 ) (4096 704 128 ) (4096 640 128 ) (3968 640 128 ) 
4 212 233 (3520 768 128 ) (3584 768 128 ) (3584 704 128 ) (3520 704 128 ) 
4 212 234 (3136 768 128 ) (3264 768 128 ) (3264 704 128 ) (3136 704 128 ) 
4 212 231 (4032 768 128 ) (4096 768 128 ) (4096 704 128 ) (4032 704 128 ) 
4 212 232 (3712 768 128 ) (3968 768 128 ) (3968 704 128 ) (3712 704 128 ) 
4 212 229 (3200 832 128 ) (3648 832 128 ) (3648 768 128 ) (3200 768 128 ) 
4 212 230 (3072 768 128 ) (3072 832 128 ) (3136 832 128 ) (3136 768 128 ) 
4 212 228 (3840 832 128 ) (3904 832 128 ) (3904 768 128 ) (3840 768 128 ) 
4 212 227 (4032 832 128 ) (4096 832 128 ) (4096 768 128 ) (4032 768 128 ) 
4 212 226 (3072 832 128 ) (3072 896 128 ) (3264 896 128 ) (3264 832 128 ) 
4 212 224 (3200 960 128 ) (3328 960 128 ) (3328 896 128 ) (3200 896 128 ) 
4 212 225 (3072 896 128 ) (3072 960 128 ) (3136 960 128 ) (3136 896 128 ) 
4 212 223 (3392 960 128 ) (3456 960 128 ) (3456 832 128 ) (3392 832 128 ) 
4 212 222 (4096 896 128 ) (4096 832 128 ) (3584 832 128 ) (3584 896 128 ) 
4 212 221 (3520 960 128 ) (3584 960 128 ) (3584 896 128 ) (3520 896 128 ) 
4 212 220 (3648 960 128 ) (3776 960 128 ) (3776 896 128 ) (3648 896 128 ) 
4 212 218 (4032 960 128 ) (4096 960 128 ) (4096 896 128 ) (4032 896 128 ) 
4 212 219 (3840 960 128 ) (3968 960 128 ) (3968 896 128 ) (3840 896 128 ) 
4 212 217 (3072 960 128 ) (3072 1024 128 ) (3200 1024 128 ) (3200 960 128 ) 
4 212 215 (3520 1024 128 ) (3648 1024 128 ) (3648 960 128 ) (3520 960 128 ) 
4 212 216 (3264 1024 128 ) (3456 1024 128 ) (3456 960 128 ) (3264 960 128 ) 
4 212 214 (3712 1024 128 ) (3840 1024 128 ) (3840 960 128 ) (3712 960 128 ) 
4 212 213 (3904 1024 128 ) (4096 1024 128 ) (4096 960 128 ) (3904 960 128 ) 
4 213 218 (4032 960 26.140800 ) (4096 960 26.140800 ) (4096 960 128 ) (4032 960 128 ) 
4 213 219 (3904 960 26.140800 ) (3968 960 26.140800 ) (3968 960 128 ) (3904 960 128 ) 
4 214 220 (3712 960 26.140800 ) (3776 960 26.140800 ) (3776 960 128 ) (3712 960 128 ) 
4 215 221 (3520 960 26.140800 ) (3584 960 26.140800 ) (3584 960 128 ) (3520 960 128 ) 
4 216 224 (3264 960 26.140800 ) (3328 960 26.140800 ) (3328 960 128 ) (3264 960 128 ) 
4 216 223 (3392 960 26.140800 ) (3456 960 26.140800 ) (3456 960 128 ) (3392 960 128 ) 
4 217 433 (3072 960 128 ) (3072 1024 128 ) (3072 1024 26.140800 ) (3072 960 26.140800 ) 
4 217 225 (3072 960 26.140800 ) (3136 960 26.140800 ) (3136 960 128 ) (3072 960 128 ) 
4 218 222 (4032 896 26.140800 ) (4096 896 26.140800 ) (4096 896 128 ) (4032 896 128 ) 
4 219 222 (3840 896 26.140800 ) (3968 896 26.140800 ) (3968 896 128 ) (3840 896 128 ) 
4 220 222 (3648 896 26.140800 ) (3776 896 26.140800 ) (3776 896 128 ) (3648 896 128 ) 
4 222 229 (3584 832 26.140800 ) (3648 832 26.140800 ) (3648 832 128 ) (3584 832 128 ) 
4 222 228 (3840 832 26.140800 ) (3904 832 26.140800 ) (3904 832 128 ) (3840 832 128 ) 
4 222 227 (4032 832 26.140800 ) (4096 832 26.140800 ) (4096 832 128 ) (4032 832 128 ) 
4 223 229 (3392 832 26.140800 ) (3456 832 26.140800 ) (3456 832 128 ) (3392 832 128 ) 
4 224 226 (3200 896 26.140800 ) (3264 896 26.140800 ) (3264 896 128 ) (3200 896 128 ) 
4 225 226 (3072 896 26.140800 ) (3136 896 26.140800 ) (3136 896 128 ) (3072 896 128 ) 
4 226 229 (3200 832 26.140800 ) (3264 832 26.140800 ) (3264 832 128 ) (3200 832 128 ) 
4 226 230 (3072 832 26.140800 ) (3136 832 26.140800 ) (3136 832 128 ) (3072 832 128 ) 
4 227 231 (4032 768 26.140800 ) (4096 768 26.140800 ) (4096 768 128 ) (4032 768 128 ) 
4 228 232 (3840 768 26.140800 ) (3904 768 26.140800 ) (3904 768 128 ) (3840 768 128 ) 
4 229 233 (3520 768 26.140800 ) (3584 768 26.140800 ) (3584 768 128 ) (3520 768 128 ) 
4 229 234 (3200 768 26.140800 ) (3264 768 26.140800 ) (3264 768 128 ) (3200 768 128 ) 
4 230 448 (3072 768 128 ) (3072 832 128 ) (3072 832 26.140800 ) (3072 768 26.140800 ) 
4 231 235 (4032 704 26.140800 ) (4096 704 26.140800 ) (4096 704 128 ) (4032 704 128 ) 
4 232 236 (3712 704 26.140800 ) (3776 704 26.140800 ) (3776 704 128 ) (3712 704 128 ) 
4 234 237 (3200 704 26.140800 ) (3264 704 26.140800 ) (3264 704 128 ) (3200 704 128 ) 
4 236 240 (3584 640 26.140800 ) (3648 640 26.140800 ) (3648 640 128 ) (3584 640 128 ) 
4 237 242 (3200 640 26.140800 ) (3264 640 26.140800 ) (3264 640 128 ) (3200 640 128 ) 
4 237 241 (3456 640 26.140800 ) (3520 640 26.140800 ) (3520 640 128 ) (3456 640 128 ) 
4 238 242 (3072 640 26.140800 ) (3136 640 26.140800 ) (3136 640 128 ) (3072 640 128 ) 
4 239 243 (3840 576 26.140800 ) (3904 576 26.140800 ) (3904 576 128 ) (3840 576 128 ) 
4 240 244 (3584 576 26.140800 ) (3648 576 26.140800 ) (3648 576 128 ) (3584 576 128 ) 
4 241 245 (3456 576 26.140800 ) (3520 576 26.140800 ) (3520 576 128 ) (3456 576 128 ) 
4 242 459 (3072 576 128 ) (3072 640 128 ) (3072 640 26.140800 ) (3072 576 26.140800 ) 
4 242 246 (3136 576 26.140800 ) (3200 576 26.140800 ) (3200 576 128 ) (3136 576 128 ) 
4 243 247 (3840 512 26.140800 ) (3904 512 26.140800 ) (3904 512 128 ) (3840 512 128 ) 
4 245 249 (3328 512 26.140800 ) (3392 512 26.140800 ) (3392 512 128 ) (3328 512 128 ) 
4 245 248 (3456 512 26.140800 ) (3520 512 26.140800 ) (3520 512 128 ) (3456 512 128 ) 
4 246 249 (3136 512 26.140800 ) (3200 512 26.140800 ) (3200 512 128 ) (3136 512 128 ) 
4 247 251 (3776 448 26.140800 ) (3840 448 26.140800 ) (3840 448 128 ) (3776 448 128 ) 
4 248 252 (3456 448 26.140800 ) (3520 448 26.140800 ) (3520 448 128 ) (3456 448 128 ) 
4 249 254 (3136 448 26.140800 ) (3200 448 26.140800 ) (3200 448 128 ) (3136 448 128 ) 
4 249 253 (3328 448 26.140800 ) (3392 448 26.140800 ) (3392 448 128 ) (3328 448 128 ) 
4 250 255 (3904 384 26.140800 ) (3968 384 26.140800 ) (3968 384 128 ) (3904 384 128 ) 
4 251 256 (3776 384 26.140800 ) (3840 384 26.140800 ) (3840 384 128 ) (3776 384 128 ) 
4 252 257 (3648 384 26.140800 ) (3712 384 26.140800 ) (3712 384 128 ) (3648 384 128 ) 
4 252 258 (3520 384 26.140800 ) (3584 384 26.140800 ) (3584 384 128 ) (3520 384 128 ) 
4 254 471 (3072 384 128 ) (3072 448 128 ) (3072 448 26.140800 ) (3072 384 26.140800 ) 
4 254 261 (3136 384 26.140800 ) (3200 384 26.140800 ) (3200 384 128 ) (3136 384 128 ) 
4 255 262 (3904 320 26.140800 ) (3968 320 26.140800 ) (3968 320 128 ) (3904 320 128 ) 
4 256 263 (3776 320 26.140800 ) (3840 320 26.140800 ) (3840 320 128 ) (3776 320 128 ) 
4 257 263 (3648 320 26.140800 ) (3712 320 26.140800 ) (3712 320 128 ) (3648 320 128 ) 
4 258 264 (3520 320 26.140800 ) (3584 320 26.140800 ) (3584 320 128 ) (3520 320 128 ) 
4 259 265 (3392 320 26.140800 ) (3456 320 26.140800 ) (3456 320 128 ) (3392 320 128 ) 
4 260 265 (3264 320 26.140800 ) (3328 320 26.140800 ) (3328 320 128 ) (3264 320 128 ) 
4 261 265 (3136 320 26.140800 ) (3200 320 26.140800 ) (3200 320 128 ) (3136 320 128 ) 
4 262 267 (3904 256 26.140800 ) (3968 256 26.140800 ) (3968 256 128 ) (3904 256 128 ) 
4 262 266 (4032 256 26.140800 ) (4096 256 26.140800 ) (4096 256 128 ) (4032 256 128 ) 
4 263 268 (3648 256 26.140800 ) (3712 256 26.140800 ) (3712 256 128 ) (3648 256 128 ) 
4 263 267 (3776 256 26.140800 ) (3840 256 26.140800 ) (3840 256 128 ) (3776 256 128 ) 
4 265 476 (3072 256 128 ) (3072 320 128 ) (3072 320 26.140800 ) (3072 256 26.140800 ) 
4 265 270 (3136 256 26.140800 ) (3200 256 26.140800 ) (3200 256 128 ) (3136 256 128 ) 
4 265 269 (3328 256 26.140800 ) (3392 256 26.140800 ) (3392 256 128 ) (3328 256 128 ) 
4 271 326 (3072 2048 128 ) (3072 2048 3685.860107 ) (2048 2048 3685.860107 ) (2048 2048 128 ) 
4 271 309 (2048 2048 128 ) (2048 2048 3685.860107 ) (2048 2608.590332 3685.860107 ) (2048 2608.590332 128 ) 
4 271 307 (2240 2112 128 ) (2432 2112 128 ) (2432 2048 128 ) (2240 2048 128 ) 
4 271 308 (2112 2112 128 ) (2176 2112 128 ) (2176 2048 128 ) (2112 2048 128 ) 
4 271 306 (2496 2112 128 ) (2560 2112 128 ) (2560 2048 128 ) (2496 2048 128 ) 
4 271 304 (2816 2112 128 ) (2880 2112 128 ) (2880 2048 128 ) (2816 2048 128 ) 
4 271 305 (2624 2112 128 ) (2752 2112 128 ) (2752 2048 128 ) (2624 2048 128 ) 
4 271 303 (2944 2112 128 ) (3072 2112 128 ) (3072 2048 128 ) (2944 2048 128 ) 
4 271 302 (2048 2112 128 ) (2048 2176 128 ) (2240 2176 128 ) (2240 2112 128 ) 
4 271 301 (2432 2176 128 ) (2688 2176 128 ) (2688 2112 128 ) (2432 2112 128 ) 
4 271 300 (2816 2176 128 ) (2880 2176 128 ) (2880 2112 128 ) (2816 2112 128 ) 
4 271 299 (2944 2176 128 ) (3008 2176 128 ) (3008 2112 128 ) (2944 2112 128 ) 
4 271 298 (2048 2176 128 ) (2048 2240 128 ) (2112 2240 128 ) (2112 2176 128 ) 
4 271 297 (2176 2240 128 ) (2240 2240 128 ) (2240 2176 128 ) (2176 2176 128 ) 
4 271 295 (2496 2240 128 ) (2624 2240 128 ) (2624 2176 128 ) (2496 2176 128 ) 
4 271 296 (2304 2240 128 ) (2432 2240 128 ) (2432 2176 128 ) (2304 2176 128 ) 
4 271 294 (2752 2240 128 ) (2944 2240 128 ) (2944 2176 128 ) (2752 2176 128 ) 
4 271 293 (3008 2240 128 ) (3072 2240 128 ) (3072 2176 128 ) (3008 2176 128 ) 
4 271 292 (2048 2240 128 ) (2048 2304 128 ) (2176 2304 128 ) (2176 2240 128 ) 
4 271 290 (2304 2368 128 ) (2368 2368 128 ) (2368 2240 128 ) (2304 2240 128 ) 
4 271 291 (2176 2368 128 ) (2240 2368 128 ) (2240 2240 128 ) (2176 2240 128 ) 
4 271 289 (2432 2368 128 ) (2496 2368 128 ) (2496 2240 128 ) (2432 2240 128 ) 
4 271 288 (2496 2368 128 ) (2560 2368 128 ) (2560 2304 128 ) (2496 2304 128 ) 
4 271 286 (3072 2304 128 ) (3072 2240 128 ) (2880 2240 128 ) (2880 2304 128 ) 
4 271 287 (2816 2240 128 ) (2560 2240 128 ) (2560 2304 128 ) (2816 2304 128 ) 
4 271 285 (2624 2368 128 ) (2752 2368 128 ) (2752 2304 128 ) (2624 2304 128 ) 
4 271 284 (2816 2368 128 ) (2944 2368 128 ) (2944 2304 128 ) (2816 2304 128 ) 
4 271 283 (3008 2368 128 ) (3072 2368 128 ) (3072 2304 128 ) (3008 2304 128 ) 
4 271 282 (2048 2368 128 ) (2048 2432 128 ) (2624 2432 128 ) (2624 2368 128 ) 
4 271 280 (2880 2432 128 ) (2944 2432 128 ) (2944 2368 128 ) (2880 2368 128 ) 
4 271 281 (2688 2432 128 ) (2816 2432 128 ) (2816 2368 128 ) (2688 2368 128 ) 
4 271 279 (2048 2432 128 ) (2048 2496 128 ) (2112 2496 128 ) (2112 2432 128 ) 
4 271 278 (2176 2496 128 ) (2240 2496 128 ) (2240 2432 128 ) (2176 2432 128 ) 
4 271 277 (2432 2496 128 ) (2496 2496 128 ) (2496 2432 128 ) (2432 2432 128 ) 
4 271 276 (2560 2496 128 ) (2816 2496 128 ) (2816 2432 128 ) (2560 2432 128 ) 
4 271 275 (2944 2496 128 ) (3072 2496 128 ) (3072 2432 128 ) (2944 2432 128 ) 
4 271 274 (2112 2560 128 ) (2368 2560 128 ) (2368 2496 128 ) (2112 2496 128 ) 
4 271 272 (2880 2560 128 ) (3008 2560 128 ) (3008 2496 128 ) (2880 2496 128 ) 
4 271 273 (2432 2560 128 ) (2688 2560 128 ) (2688 2496 128 ) (2432 2496 128 ) 
4 272 275 (2944 2496 26.140800 ) (3008 2496 26.140800 ) (3008 2496 128 ) (2944 2496 128 ) 
4 273 277 (2432 2496 26.140800 ) (2496 2496 26.140800 ) (2496 2496 128 ) (2432 2496 128 ) 
4 273 276 (2560 2496 26.140800 ) (2688 2496 26.140800 ) (2688 2496 128 ) (2560 2496 128 ) 
4 274 278 (2176 2496 26.140800 ) (2240 2496 26.140800 ) (2240 2496 128 ) (2176 2496 128 ) 
4 276 282 (2560 2432 26.140800 ) (2624 2432 26.140800 ) (2624 2432 128 ) (2560 2432 128 ) 
4 276 281 (2688 2432 26.140800 ) (2816 2432 26.140800 ) (2816 2432 128 ) (2688 2432 128 ) 
4 277 282 (2432 2432 26.140800 ) (2496 2432 26.140800 ) (2496 2432 128 ) (2432 2432 128 ) 
4 278 282 (2176 2432 26.140800 ) (2240 2432 26.140800 ) (2240 2432 128 ) (2176 2432 128 ) 
4 279 282 (2048 2432 26.140800 ) (2112 2432 26.140800 ) (2112 2432 128 ) (2048 2432 128 ) 
4 280 284 (2880 2368 26.140800 ) (2944 2368 26.140800 ) (2944 2368 128 ) (2880 2368 128 ) 
4 281 285 (2688 2368 26.140800 ) (2752 2368 26.140800 ) (2752 2368 128 ) (2688 2368 128 ) 
4 282 311 (2048 2368 128 ) (2048 2432 128 ) (2048 2432 26.140800 ) (2048 2368 26.140800 ) 
4 282 290 (2304 2368 26.140800 ) (2368 2368 26.140800 ) (2368 2368 128 ) (2304 2368 128 ) 
4 282 291 (2176 2368 26.140800 ) (2240 2368 26.140800 ) (2240 2368 128 ) (2176 2368 128 ) 
4 282 289 (2432 2368 26.140800 ) (2496 2368 26.140800 ) (2496 2368 128 ) (2432 2368 128 ) 
4 282 288 (2496 2368 26.140800 ) (2560 2368 26.140800 ) (2560 2368 128 ) (2496 2368 128 ) 
4 283 286 (3008 2304 26.140800 ) (3072 2304 26.140800 ) (3072 2304 128 ) (3008 2304 128 ) 
4 284 286 (2880 2304 26.140800 ) (2944 2304 26.140800 ) (2944 2304 128 ) (2880 2304 128 ) 
4 285 287 (2624 2304 26.140800 ) (2752 2304 26.140800 ) (2752 2304 128 ) (2624 2304 128 ) 
4 286 294 (2880 2240 26.140800 ) (2944 2240 26.140800 ) (2944 2240 128 ) (2880 2240 128 ) 
4 286 293 (3008 2240 26.140800 ) (3072 2240 26.140800 ) (3072 2240 128 ) (3008 2240 128 ) 
4 287 295 (2560 2240 26.140800 ) (2624 2240 26.140800 ) (2624 2240 128 ) (2560 2240 128 ) 
4 287 294 (2752 2240 26.140800 ) (2816 2240 26.140800 ) (2816 2240 128 ) (2752 2240 128 ) 
4 288 289 (2496 2368 128 ) (2496 2368 26.140800 ) (2496 2304 26.140800 ) (2496 2304 128 ) 
4 290 296 (2304 2240 26.140800 ) (2368 2240 26.140800 ) (2368 2240 128 ) (2304 2240 128 ) 
4 291 297 (2176 2240 26.140800 ) (2240 2240 26.140800 ) (2240 2240 128 ) (2176 2240 128 ) 
4 291 292 (2176 2304 26.140800 ) (2176 2240 26.140800 ) (2176 2240 128 ) (2176 2304 128 ) 
4 292 298 (2048 2240 26.140800 ) (2112 2240 26.140800 ) (2112 2240 128 ) (2048 2240 128 ) 
4 294 300 (2816 2176 26.140800 ) (2880 2176 26.140800 ) (2880 2176 128 ) (2816 2176 128 ) 
4 295 301 (2496 2176 26.140800 ) (2624 2176 26.140800 ) (2624 2176 128 ) (2496 2176 128 ) 
4 297 302 (2176 2176 26.140800 ) (2240 2176 26.140800 ) (2240 2176 128 ) (2176 2176 128 ) 
4 298 312 (2048 2176 128 ) (2048 2240 128 ) (2048 2240 26.140800 ) (2048 2176 26.140800 ) 
4 298 302 (2048 2176 26.140800 ) (2112 2176 26.140800 ) (2112 2176 128 ) (2048 2176 128 ) 
4 299 303 (2944 2112 26.140800 ) (3008 2112 26.140800 ) (3008 2112 128 ) (2944 2112 128 ) 
4 300 304 (2816 2112 26.140800 ) (2880 2112 26.140800 ) (2880 2112 128 ) (2816 2112 128 ) 
4 301 306 (2496 2112 26.140800 ) (2560 2112 26.140800 ) (2560 2112 128 ) (2496 2112 128 ) 
4 301 305 (2624 2112 26.140800 ) (2688 2112 26.140800 ) (2688 2112 128 ) (2624 2112 128 ) 
4 302 308 (2112 2112 26.140800 ) (2176 2112 26.140800 ) (2176 2112 128 ) (2112 2112 128 ) 
4 303 328 (3008 2048 128 ) (2944 2048 128 ) (2944 2048 26.140800 ) (3008 2048 26.140800 ) 
4 304 333 (2880 2048 128 ) (2816 2048 128 ) (2816 2048 26.140800 ) (2880 2048 26.140800 ) 
4 305 337 (2688 2048 128 ) (2624 2048 128 ) (2624 2048 26.140800 ) (2688 2048 26.140800 ) 
4 305 336 (2752 2048 128 ) (2688 2048 128 ) (2688 2048 26.140800 ) (2752 2048 26.140800 ) 
4 306 345 (2560 2048 128 ) (2496 2048 128 ) (2496 2048 26.140800 ) (2560 2048 26.140800 ) 
4 307 380 (2304 2048 128 ) (2240 2048 128 ) (2240 2048 26.140800 ) (2304 2048 26.140800 ) 
4 307 371 (2432 2048 128 ) (2368 2048 128 ) (2368 2048 26.140800 ) (2432 2048 26.140800 ) 
4 308 391 (2176 2048 128 ) (2112 2048 128 ) (2112 2048 26.140800 ) (2176 2048 26.140800 ) 
4 309 402 (2048 2048 128 ) (2048 2048 3685.860107 ) (1559.349976 2048 3685.860107 ) (1559.349976 2048 128 ) 
4 309 325 (1664 2048 128 ) (1600 2048 128 ) (1600 2112 128 ) (1664 2112 128 ) 
4 309 323 (1600 2304 128 ) (1600 2368 128 ) (1664 2368 128 ) (1664 2304 128 ) 
4 309 324 (1600 2176 128 ) (1600 2240 128 ) (1664 2240 128 ) (1664 2176 128 ) 
4 309 322 (1600 2432 128 ) (1600 2560 128 ) (1664 2560 128 ) (1664 2432 128 ) 
4 309 321 (1728 2048 128 ) (1664 2048 128 ) (1664 2560 128 ) (1728 2560 128 ) 
4 309 320 (1856 2048 128 ) (1792 2048 128 ) (1792 2176 128 ) (1856 2176 128 ) 
4 309 319 (1728 2176 128 ) (1728 2240 128 ) (1856 2240 128 ) (1856 2176 128 ) 
4 309 318 (1728 2304 128 ) (1728 2432 128 ) (1792 2432 128 ) (1792 2304 128 ) 
4 309 317 (1792 2560 128 ) (1856 2560 128 ) (1856 2368 128 ) (1792 2368 128 ) 
4 309 315 (1856 2176 128 ) (1856 2368 128 ) (1920 2368 128 ) (1920 2176 128 ) 
4 309 316 (1920 2048 128 ) (1856 2048 128 ) (1856 2112 128 ) (1920 2112 128 ) 
4 309 314 (1984 2048 128 ) (1920 2048 128 ) (1920 2304 128 ) (1984 2304 128 ) 
4 309 312 (2048 2240 128 ) (2048 2176 128 ) (1984 2176 128 ) (1984 2240 128 ) 
4 309 313 (2048 2112 128 ) (2048 2048 128 ) (1984 2048 128 ) (1984 2112 128 ) 
4 309 311 (2048 2432 128 ) (2048 2368 128 ) (1856 2368 128 ) (1856 2432 128 ) 
4 309 310 (2048 2560 128 ) (2048 2496 128 ) (1856 2496 128 ) (1856 2560 128 ) 
4 310 317 (1856 2560 26.140800 ) (1856 2496 26.140800 ) (1856 2496 128 ) (1856 2560 128 ) 
4 311 317 (1856 2432 26.140800 ) (1856 2368 26.140800 ) (1856 2368 128 ) (1856 2432 128 ) 
4 311 315 (1856 2368 128 ) (1856 2368 26.140800 ) (1920 2368 26.140800 ) (1920 2368 128 ) 
4 312 314 (1984 2240 26.140800 ) (1984 2176 26.140800 ) (1984 2176 128 ) (1984 2240 128 ) 
4 313 314 (1984 2112 26.140800 ) (1984 2048 26.140800 ) (1984 2048 128 ) (1984 2112 128 ) 
4 314 406 (1984 2048 128 ) (1920 2048 128 ) (1920 2048 26.140800 ) (1984 2048 26.140800 ) 
4 314 315 (1920 2304 26.140800 ) (1920 2176 26.140800 ) (1920 2176 128 ) (1920 2304 128 ) 
4 314 316 (1920 2112 26.140800 ) (1920 2048 26.140800 ) (1920 2048 128 ) (1920 2112 128 ) 
4 315 319 (1856 2240 26.140800 ) (1856 2176 26.140800 ) (1856 2176 128 ) (1856 2240 128 ) 
4 316 320 (1856 2112 26.140800 ) (1856 2048 26.140800 ) (1856 2048 128 ) (1856 2112 128 ) 
4 317 318 (1792 2432 26.140800 ) (1792 2368 26.140800 ) (1792 2368 128 ) (1792 2432 128 ) 
4 318 321 (1728 2432 26.140800 ) (1728 2304 26.140800 ) (1728 2304 128 ) (1728 2432 128 ) 
4 319 321 (1728 2240 26.140800 ) (1728 2176 26.140800 ) (1728 2176 128 ) (1728 2240 128 ) 
4 319 320 (1792 2176 26.140800 ) (1856 2176 26.140800 ) (1856 2176 128 ) (1792 2176 128 ) 
4 320 416 (1856 2048 128 ) (1792 2048 128 ) (1792 2048 26.140800 ) (1856 2048 26.140800 ) 
4 321 424 (1728 2048 128 ) (1664 2048 128 ) (1664 2048 26.140800 ) (1728 2048 26.140800 ) 
4 321 325 (1664 2112 26.140800 ) (1664 2048 26.140800 ) (1664 2048 128 ) (1664 2112 128 ) 
4 321 323 (1664 2368 26.140800 ) (1664 2304 26.140800 ) (1664 2304 128 ) (1664 2368 128 ) 
4 321 324 (1664 2240 26.140800 ) (1664 2176 26.140800 ) (1664 2176 128 ) (1664 2240 128 ) 
4 321 322 (1664 2560 26.140800 ) (1664 2432 26.140800 ) (1664 2432 128 ) (1664 2560 128 ) 
4 326 432 (3072 1024 128 ) (3072 1024 3685.860107 ) (2048 1024 3685.860107 ) (2048 1024 128 ) 
4 326 402 (2048 1024 128 ) (2048 1024 3685.860107 ) (2048 2048 3685.860107 ) (2048 2048 128 ) 
4 326 400 (2048 1152 128 ) (2048 1280 128 ) (2112 1280 128 ) (2112 1152 128 ) 
4 326 401 (2048 1024 128 ) (2048 1088 128 ) (2112 1088 128 ) (2112 1024 128 ) 
4 326 399 (2176 1216 128 ) (2176 1024 128 ) (2112 1024 128 ) (2112 1216 128 ) 
4 326 398 (2048 1344 128 ) (2048 1408 128 ) (2176 1408 128 ) (2176 1344 128 ) 
4 326 397 (2048 1472 128 ) (2048 1536 128 ) (2176 1536 128 ) (2176 1472 128 ) 
4 326 396 (2048 1600 128 ) (2048 1664 128 ) (2176 1664 128 ) (2176 1600 128 ) 
4 326 395 (2112 1728 128 ) (2176 1728 128 ) (2176 1664 128 ) (2112 1664 128 ) 
4 326 394 (2048 1792 128 ) (2048 1856 128 ) (2112 1856 128 ) (2112 1792 128 ) 
4 326 393 (2048 1920 128 ) (2048 2048 128 ) (2112 2048 128 ) (2112 1920 128 ) 
4 326 392 (2176 1920 128 ) (2176 1792 128 ) (2112 1792 128 ) (2112 1920 128 ) 
4 326 391 (2112 2048 128 ) (2176 2048 128 ) (2176 1984 128 ) (2112 1984 128 ) 
4 326 389 (2240 1280 128 ) (2240 1152 128 ) (2176 1152 128 ) (2176 1280 128 ) 
4 326 390 (2240 1088 128 ) (2240 1024 128 ) (2176 1024 128 ) (2176 1088 128 ) 
4 326 388 (2240 1536 128 ) (2240 1344 128 ) (2176 1344 128 ) (2176 1536 128 ) 
4 326 386 (2176 2048 128 ) (2240 2048 128 ) (2240 1920 128 ) (2176 1920 128 ) 
4 326 387 (2240 1856 128 ) (2240 1664 128 ) (2176 1664 128 ) (2176 1856 128 ) 
4 326 385 (2304 1152 128 ) (2304 1024 128 ) (2240 1024 128 ) (2240 1152 128 ) 
4 326 383 (2304 1472 128 ) (2304 1344 128 ) (2240 1344 128 ) (2240 1472 128 ) 
4 326 384 (2304 1280 128 ) (2304 1216 128 ) (2240 1216 128 ) (2240 1280 128 ) 
4 326 382 (2304 1728 128 ) (2304 1536 128 ) (2240 1536 128 ) (2240 1728 128 ) 
4 326 380 (2240 2048 128 ) (2304 2048 128 ) (2304 1984 128 ) (2240 1984 128 ) 
4 326 381 (2304 1920 128 ) (2304 1792 128 ) (2240 1792 128 ) (2240 1920 128 ) 
4 326 379 (2368 1280 128 ) (2368 1024 128 ) (2304 1024 128 ) (2304 1280 128 ) 
4 326 378 (2368 1408 128 ) (2368 1344 128 ) (2304 1344 128 ) (2304 1408 128 ) 
4 326 377 (2368 1600 128 ) (2368 1472 128 ) (2304 1472 128 ) (2304 1600 128 ) 
4 326 375 (2368 1984 128 ) (2368 1856 128 ) (2304 1856 128 ) (2304 1984 128 ) 
4 326 376 (2368 1792 128 ) (2368 1664 128 ) (2304 1664 128 ) (2304 1792 128 ) 
4 326 373 (2432 1664 128 ) (2432 1216 128 ) (2368 1216 128 ) (2368 1664 128 ) 
4 326 374 (2432 1152 128 ) (2432 1088 128 ) (2368 1088 128 ) (2368 1152 128 ) 
4 326 371 (2368 2048 128 ) (2432 2048 128 ) (2432 1920 128 ) (2368 1920 128 ) 
4 326 372 (2432 1856 128 ) (2432 1728 128 ) (2368 1728 128 ) (2368 1856 128 ) 
4 326 369 (2496 1408 128 ) (2496 1344 128 ) (2432 1344 128 ) (2432 1408 128 ) 
4 326 370 (2496 1152 128 ) (2496 1088 128 ) (2432 1088 128 ) (2432 1152 128 ) 
4 326 368 (2496 1536 128 ) (2496 1472 128 ) (2432 1472 128 ) (2432 1536 128 ) 
4 326 367 (2496 1664 128 ) (2496 1600 128 ) (2432 1600 128 ) (2432 1664 128 ) 
4 326 366 (2496 1920 128 ) (2496 1728 128 ) (2432 1728 128 ) (2432 1920 128 ) 
4 326 365 (3008 1024 128 ) (2688 1024 128 ) (2688 1088 128 ) (3008 1088 128 ) 
4 326 363 (3008 1088 128 ) (2944 1088 128 ) (2944 1152 128 ) (3008 1152 128 ) 
4 326 364 (2880 1088 128 ) (2496 1088 128 ) (2496 1152 128 ) (2880 1152 128 ) 
4 326 362 (2624 1152 128 ) (2496 1152 128 ) (2496 1216 128 ) (2624 1216 128 ) 
4 326 360 (3008 1152 128 ) (2816 1152 128 ) (2816 1216 128 ) (3008 1216 128 ) 
4 326 361 (2752 1152 128 ) (2688 1152 128 ) (2688 1216 128 ) (2752 1216 128 ) 
4 326 358 (2944 1216 128 ) (2688 1216 128 ) (2688 1280 128 ) (2944 1280 128 ) 
4 326 359 (2560 1216 128 ) (2496 1216 128 ) (2496 1280 128 ) (2560 1280 128 ) 
4 326 357 (3072 1280 128 ) (3072 1216 128 ) (3008 1216 128 ) (3008 1280 128 ) 
4 326 356 (2688 1280 128 ) (2560 1280 128 ) (2560 1344 128 ) (2688 1344 128 ) 
4 326 355 (2496 1344 128 ) (2496 1408 128 ) (2624 1408 128 ) (2624 1344 128 ) 
4 326 354 (2752 1280 128 ) (2688 1280 128 ) (2688 1408 128 ) (2752 1408 128 ) 
4 326 352 (3008 1280 128 ) (2944 1280 128 ) (2944 1344 128 ) (3008 1344 128 ) 
4 326 351 (3072 1408 128 ) (3072 1280 128 ) (3008 1280 128 ) (3008 1408 128 ) 
4 326 353 (2944 1280 128 ) (2880 1280 128 ) (2880 1408 128 ) (2944 1408 128 ) 
4 326 350 (3072 1472 128 ) (3072 1408 128 ) (2496 1408 128 ) (2496 1472 128 ) 
4 326 349 (2624 1472 128 ) (2560 1472 128 ) (2560 1536 128 ) (2624 1536 128 ) 
4 326 348 (3072 1536 128 ) (3072 1472 128 ) (3008 1472 128 ) (3008 1536 128 ) 
4 326 347 (2560 1792 128 ) (2560 1536 128 ) (2496 1536 128 ) (2496 1792 128 ) 
4 326 345 (2496 2048 128 ) (2560 2048 128 ) (2560 1984 128 ) (2496 1984 128 ) 
4 326 346 (2560 1920 128 ) (2560 1856 128 ) (2496 1856 128 ) (2496 1920 128 ) 
4 326 343 (2560 2048 128 ) (2624 2048 128 ) (2624 1728 128 ) (2560 1728 128 ) 
4 326 344 (2624 1664 128 ) (2624 1600 128 ) (2560 1600 128 ) (2560 1664 128 ) 
4 326 342 (2688 1536 128 ) (2624 1536 128 ) (2624 1600 128 ) (2688 1600 128 ) 
4 326 341 (2816 1664 128 ) (2816 1536 128 ) (2688 1536 128 ) (2688 1664 128 ) 
4 326 340 (2752 1664 128 ) (2624 1664 128 ) (2624 1728 128 ) (2752 1728 128 ) 
4 326 338 (2816 1920 128 ) (2816 1856 128 ) (2624 1856 128 ) (2624 1920 128 ) 
4 326 339 (2816 1792 128 ) (2816 1728 128 ) (2624 1728 128 ) (2624 1792 128 ) 
4 326 337 (2624 2048 128 ) (2688 2048 128 ) (2688 1984 128 ) (2624 1984 128 ) 
4 326 336 (2688 2048 128 ) (2816 2048 128 ) (2816 1920 128 ) (2688 1920 128 ) 
4 326 335 (2880 1664 128 ) (2880 1600 128 ) (2816 1600 128 ) (2816 1664 128 ) 
4 326 334 (2880 1920 128 ) (2880 1728 128 ) (2816 1728 128 ) (2816 1920 128 ) 
4 326 333 (2816 2048 128 ) (2880 2048 128 ) (2880 1984 128 ) (2816 1984 128 ) 
4 326 332 (2880 2048 128 ) (2944 2048 128 ) (2944 1536 128 ) (2880 1536 128 ) 
4 326 331 (3008 1664 128 ) (3008 1536 128 ) (2944 1536 128 ) (2944 1664 128 ) 
4 326 329 (3008 1920 128 ) (3008 1856 128 ) (2944 1856 128 ) (2944 1920 128 ) 
4 326 330 (3008 1792 128 ) (3008 1728 128 ) (2944 1728 128 ) (2944 1792 128 ) 
4 326 328 (2944 2048 128 ) (3008 2048 128 ) (3008 1984 128 ) (2944 1984 128 ) 
4 326 327 (3072 1920 128 ) (3072 1600 128 ) (3008 1600 128 ) (3008 1920 128 ) 
4 327 331 (3008 1664 26.140800 ) (3008 1600 26.140800 ) (3008 1600 128 ) (3008 1664 128 ) 
4 327 329 (3008 1920 26.140800 ) (3008 1856 26.140800 ) (3008 1856 128 ) (3008 1920 128 ) 
4 327 330 (3008 1792 26.140800 ) (3008 1728 26.140800 ) (3008 1728 128 ) (3008 1792 128 ) 
4 328 332 (2944 2048 26.140800 ) (2944 1984 26.140800 ) (2944 1984 128 ) (2944 2048 128 ) 
4 329 332 (2944 1920 26.140800 ) (2944 1856 26.140800 ) (2944 1856 128 ) (2944 1920 128 ) 
4 330 332 (2944 1792 26.140800 ) (2944 1728 26.140800 ) (2944 1728 128 ) (2944 1792 128 ) 
4 331 332 (2944 1664 26.140800 ) (2944 1536 26.140800 ) (2944 1536 128 ) (2944 1664 128 ) 
4 332 335 (2880 1664 26.140800 ) (2880 1600 26.140800 ) (2880 1600 128 ) (2880 1664 128 ) 
4 332 334 (2880 1920 26.140800 ) (2880 1728 26.140800 ) (2880 1728 128 ) (2880 1920 128 ) 
4 332 333 (2880 2048 26.140800 ) (2880 1984 26.140800 ) (2880 1984 128 ) (2880 2048 128 ) 
4 333 336 (2816 2048 26.140800 ) (2816 1984 26.140800 ) (2816 1984 128 ) (2816 2048 128 ) 
4 334 338 (2816 1920 26.140800 ) (2816 1856 26.140800 ) (2816 1856 128 ) (2816 1920 128 ) 
4 334 339 (2816 1792 26.140800 ) (2816 1728 26.140800 ) (2816 1728 128 ) (2816 1792 128 ) 
4 335 341 (2816 1664 26.140800 ) (2816 1600 26.140800 ) (2816 1600 128 ) (2816 1664 128 ) 
4 336 338 (2688 1920 26.140800 ) (2816 1920 26.140800 ) (2816 1920 128 ) (2688 1920 128 ) 
4 336 337 (2688 2048 26.140800 ) (2688 1984 26.140800 ) (2688 1984 128 ) (2688 2048 128 ) 
4 337 343 (2624 2048 26.140800 ) (2624 1984 26.140800 ) (2624 1984 128 ) (2624 2048 128 ) 
4 338 343 (2624 1920 26.140800 ) (2624 1856 26.140800 ) (2624 1856 128 ) (2624 1920 128 ) 
4 339 343 (2624 1792 26.140800 ) (2624 1728 26.140800 ) (2624 1728 128 ) (2624 1792 128 ) 
4 339 340 (2624 1728 128 ) (2624 1728 26.140800 ) (2752 1728 26.140800 ) (2752 1728 128 ) 
4 340 341 (2688 1664 26.140800 ) (2752 1664 26.140800 ) (2752 1664 128 ) (2688 1664 128 ) 
4 341 342 (2688 1600 26.140800 ) (2688 1536 26.140800 ) (2688 1536 128 ) (2688 1600 128 ) 
4 343 347 (2560 1792 26.140800 ) (2560 1728 26.140800 ) (2560 1728 128 ) (2560 1792 128 ) 
4 343 345 (2560 2048 26.140800 ) (2560 1984 26.140800 ) (2560 1984 128 ) (2560 2048 128 ) 
4 343 346 (2560 1920 26.140800 ) (2560 1856 26.140800 ) (2560 1856 128 ) (2560 1920 128 ) 
4 344 347 (2560 1664 26.140800 ) (2560 1600 26.140800 ) (2560 1600 128 ) (2560 1664 128 ) 
4 346 366 (2496 1920 26.140800 ) (2496 1856 26.140800 ) (2496 1856 128 ) (2496 1920 128 ) 
4 347 367 (2496 1664 26.140800 ) (2496 1600 26.140800 ) (2496 1600 128 ) (2496 1664 128 ) 
4 347 366 (2496 1792 26.140800 ) (2496 1728 26.140800 ) (2496 1728 128 ) (2496 1792 128 ) 
4 348 350 (3008 1472 26.140800 ) (3072 1472 26.140800 ) (3072 1472 128 ) (3008 1472 128 ) 
4 349 350 (2560 1472 26.140800 ) (2624 1472 26.140800 ) (2624 1472 128 ) (2560 1472 128 ) 
4 350 355 (2496 1408 128 ) (2496 1408 26.140800 ) (2624 1408 26.140800 ) (2624 1408 128 ) 
4 350 354 (2688 1408 26.140800 ) (2752 1408 26.140800 ) (2752 1408 128 ) (2688 1408 128 ) 
4 350 351 (3008 1408 26.140800 ) (3072 1408 26.140800 ) (3072 1408 128 ) (3008 1408 128 ) 
4 350 353 (2880 1408 26.140800 ) (2944 1408 26.140800 ) (2944 1408 128 ) (2880 1408 128 ) 
4 351 357 (3008 1280 26.140800 ) (3072 1280 26.140800 ) (3072 1280 128 ) (3008 1280 128 ) 
4 351 352 (3008 1344 26.140800 ) (3008 1280 26.140800 ) (3008 1280 128 ) (3008 1344 128 ) 
4 352 353 (2944 1344 26.140800 ) (2944 1280 26.140800 ) (2944 1280 128 ) (2944 1344 128 ) 
4 353 358 (2880 1280 26.140800 ) (2944 1280 26.140800 ) (2944 1280 128 ) (2880 1280 128 ) 
4 354 358 (2688 1280 26.140800 ) (2752 1280 26.140800 ) (2752 1280 128 ) (2688 1280 128 ) 
4 354 356 (2688 1344 26.140800 ) (2688 1280 26.140800 ) (2688 1280 128 ) (2688 1344 128 ) 
4 355 369 (2496 1408 26.140800 ) (2496 1344 26.140800 ) (2496 1344 128 ) (2496 1408 128 ) 
4 355 356 (2560 1344 26.140800 ) (2624 1344 26.140800 ) (2624 1344 128 ) (2560 1344 128 ) 
4 358 360 (2816 1216 26.140800 ) (2944 1216 26.140800 ) (2944 1216 128 ) (2816 1216 128 ) 
4 358 361 (2688 1216 26.140800 ) (2752 1216 26.140800 ) (2752 1216 128 ) (2688 1216 128 ) 
4 359 362 (2496 1216 128 ) (2496 1216 26.140800 ) (2560 1216 26.140800 ) (2560 1216 128 ) 
4 360 363 (2944 1152 26.140800 ) (3008 1152 26.140800 ) (3008 1152 128 ) (2944 1152 128 ) 
4 360 364 (2816 1152 26.140800 ) (2880 1152 26.140800 ) (2880 1152 128 ) (2816 1152 128 ) 
4 361 364 (2688 1152 26.140800 ) (2752 1152 26.140800 ) (2752 1152 128 ) (2688 1152 128 ) 
4 362 364 (2496 1152 128 ) (2496 1152 26.140800 ) (2624 1152 26.140800 ) (2624 1152 128 ) 
4 363 365 (2944 1088 26.140800 ) (3008 1088 26.140800 ) (3008 1088 128 ) (2944 1088 128 ) 
4 364 370 (2496 1152 26.140800 ) (2496 1088 26.140800 ) (2496 1088 128 ) (2496 1152 128 ) 
4 364 365 (2688 1088 26.140800 ) (2880 1088 26.140800 ) (2880 1088 128 ) (2688 1088 128 ) 
4 365 435 (2816 1024 128 ) (2752 1024 128 ) (2752 1024 26.140800 ) (2816 1024 26.140800 ) 
4 365 434 (2944 1024 128 ) (2880 1024 128 ) (2880 1024 26.140800 ) (2944 1024 26.140800 ) 
4 366 372 (2432 1856 26.140800 ) (2432 1728 26.140800 ) (2432 1728 128 ) (2432 1856 128 ) 
4 367 373 (2432 1664 26.140800 ) (2432 1600 26.140800 ) (2432 1600 128 ) (2432 1664 128 ) 
4 368 373 (2432 1536 26.140800 ) (2432 1472 26.140800 ) (2432 1472 128 ) (2432 1536 128 ) 
4 369 373 (2432 1408 26.140800 ) (2432 1344 26.140800 ) (2432 1344 128 ) (2432 1408 128 ) 
4 370 374 (2432 1152 26.140800 ) (2432 1088 26.140800 ) (2432 1088 128 ) (2432 1152 128 ) 
4 371 375 (2368 1984 26.140800 ) (2368 1920 26.140800 ) (2368 1920 128 ) (2368 1984 128 ) 
4 372 376 (2368 1792 26.140800 ) (2368 1728 26.140800 ) (2368 1728 128 ) (2368 1792 128 ) 
4 373 379 (2368 1280 26.140800 ) (2368 1216 26.140800 ) (2368 1216 128 ) (2368 1280 128 ) 
4 373 378 (2368 1408 26.140800 ) (2368 1344 26.140800 ) (2368 1344 128 ) (2368 1408 128 ) 
4 373 377 (2368 1600 26.140800 ) (2368 1472 26.140800 ) (2368 1472 128 ) (2368 1600 128 ) 
4 374 379 (2368 1152 26.140800 ) (2368 1088 26.140800 ) (2368 1088 128 ) (2368 1152 128 ) 
4 375 381 (2304 1920 26.140800 ) (2304 1856 26.140800 ) (2304 1856 128 ) (2304 1920 128 ) 
4 376 382 (2304 1728 26.140800 ) (2304 1664 26.140800 ) (2304 1664 128 ) (2304 1728 128 ) 
4 377 382 (2304 1600 26.140800 ) (2304 1536 26.140800 ) (2304 1536 128 ) (2304 1600 128 ) 
4 378 383 (2304 1408 26.140800 ) (2304 1344 26.140800 ) (2304 1344 128 ) (2304 1408 128 ) 
4 379 385 (2304 1152 26.140800 ) (2304 1024 26.140800 ) (2304 1024 128 ) (2304 1152 128 ) 
4 379 384 (2304 1280 26.140800 ) (2304 1216 26.140800 ) (2304 1216 128 ) (2304 1280 128 ) 
4 380 386 (2240 2048 26.140800 ) (2240 1984 26.140800 ) (2240 1984 128 ) (2240 2048 128 ) 
4 381 387 (2240 1856 26.140800 ) (2240 1792 26.140800 ) (2240 1792 128 ) (2240 1856 128 ) 
4 382 387 (2240 1728 26.140800 ) (2240 1664 26.140800 ) (2240 1664 128 ) (2240 1728 128 ) 
4 383 388 (2240 1472 26.140800 ) (2240 1344 26.140800 ) (2240 1344 128 ) (2240 1472 128 ) 
4 384 389 (2240 1280 26.140800 ) (2240 1216 26.140800 ) (2240 1216 128 ) (2240 1280 128 ) 
4 385 438 (2304 1024 128 ) (2240 1024 128 ) (2240 1024 26.140800 ) (2304 1024 26.140800 ) 
4 385 390 (2240 1088 26.140800 ) (2240 1024 26.140800 ) (2240 1024 128 ) (2240 1088 128 ) 
4 386 391 (2176 2048 26.140800 ) (2176 1984 26.140800 ) (2176 1984 128 ) (2176 2048 128 ) 
4 387 395 (2176 1728 26.140800 ) (2176 1664 26.140800 ) (2176 1664 128 ) (2176 1728 128 ) 
4 387 392 (2176 1856 26.140800 ) (2176 1792 26.140800 ) (2176 1792 128 ) (2176 1856 128 ) 
4 388 398 (2176 1408 26.140800 ) (2176 1344 26.140800 ) (2176 1344 128 ) (2176 1408 128 ) 
4 388 397 (2176 1536 26.140800 ) (2176 1472 26.140800 ) (2176 1472 128 ) (2176 1536 128 ) 
4 389 399 (2176 1216 26.140800 ) (2176 1152 26.140800 ) (2176 1152 128 ) (2176 1216 128 ) 
4 390 399 (2176 1088 26.140800 ) (2176 1024 26.140800 ) (2176 1024 128 ) (2176 1088 128 ) 
4 391 393 (2112 2048 26.140800 ) (2112 1984 26.140800 ) (2112 1984 128 ) (2112 2048 128 ) 
4 392 394 (2112 1856 26.140800 ) (2112 1792 26.140800 ) (2112 1792 128 ) (2112 1856 128 ) 
4 393 403 (2048 1920 128 ) (2048 1984 128 ) (2048 1984 26.140800 ) (2048 1920 26.140800 ) 
4 394 403 (2048 1792 128 ) (2048 1856 128 ) (2048 1856 26.140800 ) (2048 1792 26.140800 ) 
4 395 396 (2112 1664 26.140800 ) (2176 1664 26.140800 ) (2176 1664 128 ) (2112 1664 128 ) 
4 396 404 (2048 1600 128 ) (2048 1664 128 ) (2048 1664 26.140800 ) (2048 1600 26.140800 ) 
4 398 405 (2048 1344 128 ) (2048 1408 128 ) (2048 1408 26.140800 ) (2048 1344 26.140800 ) 
4 399 400 (2112 1216 26.140800 ) (2112 1152 26.140800 ) (2112 1152 128 ) (2112 1216 128 ) 
4 399 401 (2112 1088 26.140800 ) (2112 1024 26.140800 ) (2112 1024 128 ) (2112 1088 128 ) 
4 400 405 (2048 1152 128 ) (2048 1280 128 ) (2048 1280 26.140800 ) (2048 1152 26.140800 ) 
4 402 484 (2048 1024 128 ) (2048 1024 3685.860107 ) (1559.349976 1024 3685.860107 ) (1559.349976 1024 128 ) 
4 402 431 (1664 1024 128 ) (1600 1024 128 ) (1600 1472 128 ) (1664 1472 128 ) 
4 402 430 (1600 1536 128 ) (1600 1984 128 ) (1664 1984 128 ) (1664 1536 128 ) 
4 402 429 (1664 1216 128 ) (1664 1280 128 ) (1728 1280 128 ) (1728 1216 128 ) 
4 402 428 (1664 1344 128 ) (1664 1408 128 ) (1728 1408 128 ) (1728 1344 128 ) 
4 402 427 (1664 1472 128 ) (1664 1536 128 ) (1728 1536 128 ) (1728 1472 128 ) 
4 402 425 (1664 1856 128 ) (1664 1920 128 ) (1728 1920 128 ) (1728 1856 128 ) 
4 402 426 (1664 1600 128 ) (1664 1664 128 ) (1728 1664 128 ) (1728 1600 128 ) 
4 402 424 (1664 1984 128 ) (1664 2048 128 ) (1728 2048 128 ) (1728 1984 128 ) 
4 402 423 (1728 1216 128 ) (1728 1536 128 ) (1792 1536 128 ) (1792 1216 128 ) 
4 402 422 (1728 1600 128 ) (1728 1664 128 ) (1792 1664 128 ) (1792 1600 128 ) 
4 402 421 (1728 1728 128 ) (1728 1792 128 ) (1792 1792 128 ) (1792 1728 128 ) 
4 402 420 (1728 1856 128 ) (1728 1984 128 ) (1792 1984 128 ) (1792 1856 128 ) 
4 402 419 (1792 1216 128 ) (1792 1280 128 ) (1856 1280 128 ) (1856 1216 128 ) 
4 402 417 (1792 1472 128 ) (1792 1792 128 ) (1856 1792 128 ) (1856 1472 128 ) 
4 402 418 (1792 1344 128 ) (1792 1408 128 ) (1856 1408 128 ) (1856 1344 128 ) 
4 402 416 (1792 1920 128 ) (1792 2048 128 ) (1856 2048 128 ) (1856 1920 128 ) 
4 402 415 (1920 1024 128 ) (1856 1024 128 ) (1856 1536 128 ) (1920 1536 128 ) 
4 402 413 (1856 1792 128 ) (1856 1920 128 ) (1920 1920 128 ) (1920 1792 128 ) 
4 402 414 (1856 1600 128 ) (1856 1664 128 ) (1920 1664 128 ) (1920 1600 128 ) 
4 402 411 (1920 1216 128 ) (1920 1280 128 ) (1984 1280 128 ) (1984 1216 128 ) 
4 402 412 (1984 1024 128 ) (1920 1024 128 ) (1920 1152 128 ) (1984 1152 128 ) 
4 402 410 (1920 1344 128 ) (1920 1408 128 ) (1984 1408 128 ) (1984 1344 128 ) 
4 402 409 (1920 1472 128 ) (1920 1600 128 ) (1984 1600 128 ) (1984 1472 128 ) 
4 402 408 (1920 1664 128 ) (1920 1728 128 ) (1984 1728 128 ) (1984 1664 128 ) 
4 402 406 (1920 1920 128 ) (1920 2048 128 ) (1984 2048 128 ) (1984 1920 128 ) 
4 402 407 (1920 1792 128 ) (1920 1856 128 ) (1984 1856 128 ) (1984 1792 128 ) 
4 402 405 (1984 1088 128 ) (1984 1408 128 ) (2048 1408 128 ) (2048 1088 128 ) 
4 402 403 (1984 1792 128 ) (1984 1984 128 ) (2048 1984 128 ) (2048 1792 128 ) 
4 402 404 (1984 1536 128 ) (1984 1728 128 ) (2048 1728 128 ) (2048 1536 128 ) 
4 403 406 (1984 1984 26.140800 ) (1984 1920 26.140800 ) (1984 1920 128 ) (1984 1984 128 ) 
4 403 407 (1984 1856 26.140800 ) (1984 1792 26.140800 ) (1984 1792 128 ) (1984 1856 128 ) 
4 404 409 (1984 1600 26.140800 ) (1984 1536 26.140800 ) (1984 1536 128 ) (1984 1600 128 ) 
4 404 408 (1984 1728 26.140800 ) (1984 1664 26.140800 ) (1984 1664 128 ) (1984 1728 128 ) 
4 405 411 (1984 1280 26.140800 ) (1984 1216 26.140800 ) (1984 1216 128 ) (1984 1280 128 ) 
4 405 412 (1984 1152 26.140800 ) (1984 1088 26.140800 ) (1984 1088 128 ) (1984 1152 128 ) 
4 405 410 (1984 1408 26.140800 ) (1984 1344 26.140800 ) (1984 1344 128 ) (1984 1408 128 ) 
4 407 413 (1920 1856 26.140800 ) (1920 1792 26.140800 ) (1920 1792 128 ) (1920 1856 128 ) 
4 409 415 (1920 1536 26.140800 ) (1920 1472 26.140800 ) (1920 1472 128 ) (1920 1536 128 ) 
4 410 415 (1920 1408 26.140800 ) (1920 1344 26.140800 ) (1920 1344 128 ) (1920 1408 128 ) 
4 411 415 (1920 1280 26.140800 ) (1920 1216 26.140800 ) (1920 1216 128 ) (1920 1280 128 ) 
4 412 415 (1920 1152 26.140800 ) (1920 1024 26.140800 ) (1920 1024 128 ) (1920 1152 128 ) 
4 414 417 (1856 1664 26.140800 ) (1856 1600 26.140800 ) (1856 1600 128 ) (1856 1664 128 ) 
4 415 492 (1920 1024 128 ) (1856 1024 128 ) (1856 1024 26.140800 ) (1920 1024 26.140800 ) 
4 415 419 (1856 1280 26.140800 ) (1856 1216 26.140800 ) (1856 1216 128 ) (1856 1280 128 ) 
4 415 417 (1856 1536 26.140800 ) (1856 1472 26.140800 ) (1856 1472 128 ) (1856 1536 128 ) 
4 415 418 (1856 1408 26.140800 ) (1856 1344 26.140800 ) (1856 1344 128 ) (1856 1408 128 ) 
4 416 420 (1792 1984 26.140800 ) (1792 1920 26.140800 ) (1792 1920 128 ) (1792 1984 128 ) 
4 417 423 (1792 1536 26.140800 ) (1792 1472 26.140800 ) (1792 1472 128 ) (1792 1536 128 ) 
4 417 422 (1792 1664 26.140800 ) (1792 1600 26.140800 ) (1792 1600 128 ) (1792 1664 128 ) 
4 417 421 (1792 1792 26.140800 ) (1792 1728 26.140800 ) (1792 1728 128 ) (1792 1792 128 ) 
4 418 423 (1792 1408 26.140800 ) (1792 1344 26.140800 ) (1792 1344 128 ) (1792 1408 128 ) 
4 419 423 (1792 1280 26.140800 ) (1792 1216 26.140800 ) (1792 1216 128 ) (1792 1280 128 ) 
4 420 425 (1728 1920 26.140800 ) (1728 1856 26.140800 ) (1728 1856 128 ) (1728 1920 128 ) 
4 422 426 (1728 1664 26.140800 ) (1728 1600 26.140800 ) (1728 1600 128 ) (1728 1664 128 ) 
4 423 429 (1728 1280 26.140800 ) (1728 1216 26.140800 ) (1728 1216 128 ) (1728 1280 128 ) 
4 423 428 (1728 1408 26.140800 ) (1728 1344 26.140800 ) (1728 1344 128 ) (1728 1408 128 ) 
4 423 427 (1728 1536 26.140800 ) (1728 1472 26.140800 ) (1728 1472 128 ) (1728 1536 128 ) 
4 425 430 (1664 1920 26.140800 ) (1664 1856 26.140800 ) (1664 1856 128 ) (1664 1920 128 ) 
4 426 430 (1664 1664 26.140800 ) (1664 1600 26.140800 ) (1664 1600 128 ) (1664 1664 128 ) 
4 428 431 (1664 1408 26.140800 ) (1664 1344 26.140800 ) (1664 1344 128 ) (1664 1408 128 ) 
4 429 431 (1664 1280 26.140800 ) (1664 1216 26.140800 ) (1664 1216 128 ) (1664 1280 128 ) 
4 431 510 (1664 1024 128 ) (1600 1024 128 ) (1600 1024 26.140800 ) (1664 1024 26.140800 ) 
4 432 484 (2048 1024 3685.860107 ) (2048 1024 128 ) (2048 143.407013 128 ) (2048 143.407013 3685.860107 ) 
4 432 483 (2240 256 128 ) (2304 256 128 ) (2304 192 128 ) (2240 192 128 ) 
4 432 482 (2432 256 128 ) (2496 256 128 ) (2496 192 128 ) (2432 192 128 ) 
4 432 480 (2944 256 128 ) (3008 256 128 ) (3008 192 128 ) (2944 192 128 ) 
4 432 481 (2560 256 128 ) (2816 256 128 ) (2816 192 128 ) (2560 192 128 ) 
4 432 479 (2048 256 128 ) (2048 320 128 ) (2368 320 128 ) (2368 256 128 ) 
4 432 477 (2624 320 128 ) (2688 320 128 ) (2688 256 128 ) (2624 256 128 ) 
4 432 478 (2432 320 128 ) (2560 320 128 ) (2560 256 128 ) (2432 256 128 ) 
4 432 476 (2752 320 128 ) (3072 320 128 ) (3072 256 128 ) (2752 256 128 ) 
4 432 475 (2112 384 128 ) (2176 384 128 ) (2176 320 128 ) (2112 320 128 ) 
4 432 474 (2432 384 128 ) (2624 384 128 ) (2624 320 128 ) (2432 320 128 ) 
4 432 472 (3008 384 128 ) (3072 384 128 ) (3072 320 128 ) (3008 320 128 ) 
4 432 473 (2752 384 128 ) (2816 384 128 ) (2816 320 128 ) (2752 320 128 ) 
4 432 471 (2112 448 128 ) (3072 448 128 ) (3072 384 128 ) (2112 384 128 ) 
4 432 470 (2432 512 128 ) (2496 512 128 ) (2496 448 128 ) (2432 448 128 ) 
4 432 469 (2560 512 128 ) (2624 512 128 ) (2624 448 128 ) (2560 448 128 ) 
4 432 468 (2752 512 128 ) (2816 512 128 ) (2816 448 128 ) (2752 448 128 ) 
4 432 467 (2944 512 128 ) (3072 512 128 ) (3072 448 128 ) (2944 448 128 ) 
4 432 466 (2112 576 128 ) (2304 576 128 ) (2304 512 128 ) (2112 512 128 ) 
4 432 464 (2944 576 128 ) (3008 576 128 ) (3008 512 128 ) (2944 512 128 ) 
4 432 465 (2368 576 128 ) (2880 576 128 ) (2880 512 128 ) (2368 512 128 ) 
4 432 462 (2240 640 128 ) (2432 640 128 ) (2432 576 128 ) (2240 576 128 ) 
4 432 463 (2048 576 128 ) (2048 640 128 ) (2176 640 128 ) (2176 576 128 ) 
4 432 461 (2496 640 128 ) (2560 640 128 ) (2560 576 128 ) (2496 576 128 ) 
4 432 460 (2624 640 128 ) (2688 640 128 ) (2688 576 128 ) (2624 576 128 ) 
4 432 459 (2816 640 128 ) (3072 640 128 ) (3072 576 128 ) (2816 576 128 ) 
4 432 458 (2048 640 128 ) (2048 704 128 ) (2240 704 128 ) (2240 640 128 ) 
4 432 457 (2368 704 128 ) (2880 704 128 ) (2880 640 128 ) (2368 640 128 ) 
4 432 456 (2048 704 128 ) (2048 768 128 ) (2112 768 128 ) (2112 704 128 ) 
4 432 455 (2176 768 128 ) (2304 768 128 ) (2304 704 128 ) (2176 704 128 ) 
4 432 454 (2368 768 128 ) (2432 768 128 ) (2432 704 128 ) (2368 704 128 ) 
4 432 453 (2560 768 128 ) (2688 768 128 ) (2688 704 128 ) (2560 704 128 ) 
4 432 452 (2752 768 128 ) (3072 768 128 ) (3072 704 128 ) (2752 704 128 ) 
4 432 450 (2304 832 128 ) (2624 832 128 ) (2624 768 128 ) (2304 768 128 ) 
4 432 451 (2112 832 128 ) (2240 832 128 ) (2240 768 128 ) (2112 768 128 ) 
4 432 449 (2752 832 128 ) (2816 832 128 ) (2816 768 128 ) (2752 768 128 ) 
4 432 448 (3008 832 128 ) (3072 832 128 ) (3072 768 128 ) (3008 768 128 ) 
4 432 446 (2240 896 128 ) (2304 896 128 ) (2304 832 128 ) (2240 832 128 ) 
4 432 447 (2112 896 128 ) (2176 896 128 ) (2176 832 128 ) (2112 832 128 ) 
4 432 445 (2432 896 128 ) (2496 896 128 ) (2496 832 128 ) (2432 832 128 ) 
4 432 443 (2752 896 128 ) (3008 896 128 ) (3008 832 128 ) (2752 832 128 ) 
4 432 444 (2560 896 128 ) (2688 896 128 ) (2688 832 128 ) (2560 832 128 ) 
4 432 441 (2368 960 128 ) (2560 960 128 ) (2560 896 128 ) (2368 896 128 ) 
4 432 442 (2048 896 128 ) (2048 960 128 ) (2304 960 128 ) (2304 896 128 ) 
4 432 439 (2880 960 128 ) (3008 960 128 ) (3008 896 128 ) (2880 896 128 ) 
4 432 440 (2624 960 128 ) (2752 960 128 ) (2752 896 128 ) (2624 896 128 ) 
4 432 438 (2240 1024 128 ) (2304 1024 128 ) (2304 960 128 ) (2240 960 128 ) 
4 432 436 (2496 1024 128 ) (2688 1024 128 ) (2688 960 128 ) (2496 960 128 ) 
4 432 437 (2368 1024 128 ) (2432 1024 128 ) (2432 960 128 ) (2368 960 128 ) 
4 432 435 (2752 1024 128 ) (2816 1024 128 ) (2816 960 128 ) (2752 960 128 ) 
4 432 434 (2880 1024 128 ) (2944 1024 128 ) (2944 960 128 ) (2880 960 128 ) 
4 432 433 (3008 1024 128 ) (3072 1024 128 ) (3072 960 128 ) (3008 960 128 ) 
4 434 439 (2880 960 26.140800 ) (2944 960 26.140800 ) (2944 960 128 ) (2880 960 128 ) 
4 436 441 (2496 960 26.140800 ) (2560 960 26.140800 ) (2560 960 128 ) (2496 960 128 ) 
4 436 440 (2624 960 26.140800 ) (2688 960 26.140800 ) (2688 960 128 ) (2624 960 128 ) 
4 437 441 (2368 960 26.140800 ) (2432 960 26.140800 ) (2432 960 128 ) (2368 960 128 ) 
4 438 442 (2240 960 26.140800 ) (2304 960 26.140800 ) (2304 960 128 ) (2240 960 128 ) 
4 439 443 (2880 896 26.140800 ) (3008 896 26.140800 ) (3008 896 128 ) (2880 896 128 ) 
4 440 444 (2624 896 26.140800 ) (2688 896 26.140800 ) (2688 896 128 ) (2624 896 128 ) 
4 441 445 (2432 896 26.140800 ) (2496 896 26.140800 ) (2496 896 128 ) (2432 896 128 ) 
4 442 485 (2048 960 26.140800 ) (2048 896 26.140800 ) (2048 896 128 ) (2048 960 128 ) 
4 442 446 (2240 896 26.140800 ) (2304 896 26.140800 ) (2304 896 128 ) (2240 896 128 ) 
4 442 447 (2112 896 26.140800 ) (2176 896 26.140800 ) (2176 896 128 ) (2112 896 128 ) 
4 443 449 (2752 832 26.140800 ) (2816 832 26.140800 ) (2816 832 128 ) (2752 832 128 ) 
4 444 450 (2560 832 26.140800 ) (2624 832 26.140800 ) (2624 832 128 ) (2560 832 128 ) 
4 445 450 (2432 832 26.140800 ) (2496 832 26.140800 ) (2496 832 128 ) (2432 832 128 ) 
4 447 451 (2112 832 26.140800 ) (2176 832 26.140800 ) (2176 832 128 ) (2112 832 128 ) 
4 448 452 (3008 768 26.140800 ) (3072 768 26.140800 ) (3072 768 128 ) (3008 768 128 ) 
4 449 452 (2752 768 26.140800 ) (2816 768 26.140800 ) (2816 768 128 ) (2752 768 128 ) 
4 450 454 (2368 768 26.140800 ) (2432 768 26.140800 ) (2432 768 128 ) (2368 768 128 ) 
4 450 453 (2560 768 26.140800 ) (2624 768 26.140800 ) (2624 768 128 ) (2560 768 128 ) 
4 451 455 (2176 768 26.140800 ) (2240 768 26.140800 ) (2240 768 128 ) (2176 768 128 ) 
4 452 457 (2752 704 26.140800 ) (2880 704 26.140800 ) (2880 704 128 ) (2752 704 128 ) 
4 453 457 (2560 704 26.140800 ) (2688 704 26.140800 ) (2688 704 128 ) (2560 704 128 ) 
4 454 457 (2368 704 26.140800 ) (2432 704 26.140800 ) (2432 704 128 ) (2368 704 128 ) 
4 455 458 (2176 704 26.140800 ) (2240 704 26.140800 ) (2240 704 128 ) (2176 704 128 ) 
4 456 485 (2048 768 26.140800 ) (2048 704 26.140800 ) (2048 704 128 ) (2048 768 128 ) 
4 456 458 (2048 704 26.140800 ) (2112 704 26.140800 ) (2112 704 128 ) (2048 704 128 ) 
4 457 462 (2368 640 26.140800 ) (2432 640 26.140800 ) (2432 640 128 ) (2368 640 128 ) 
4 457 461 (2496 640 26.140800 ) (2560 640 26.140800 ) (2560 640 128 ) (2496 640 128 ) 
4 457 460 (2624 640 26.140800 ) (2688 640 26.140800 ) (2688 640 128 ) (2624 640 128 ) 
4 457 459 (2816 640 26.140800 ) (2880 640 26.140800 ) (2880 640 128 ) (2816 640 128 ) 
4 458 463 (2048 640 26.140800 ) (2176 640 26.140800 ) (2176 640 128 ) (2048 640 128 ) 
4 459 464 (2944 576 26.140800 ) (3008 576 26.140800 ) (3008 576 128 ) (2944 576 128 ) 
4 459 465 (2816 576 26.140800 ) (2880 576 26.140800 ) (2880 576 128 ) (2816 576 128 ) 
4 460 465 (2624 576 26.140800 ) (2688 576 26.140800 ) (2688 576 128 ) (2624 576 128 ) 
4 461 465 (2496 576 26.140800 ) (2560 576 26.140800 ) (2560 576 128 ) (2496 576 128 ) 
4 462 466 (2240 576 26.140800 ) (2304 576 26.140800 ) (2304 576 128 ) (2240 576 128 ) 
4 462 465 (2368 576 26.140800 ) (2432 576 26.140800 ) (2432 576 128 ) (2368 576 128 ) 
4 463 486 (2048 640 26.140800 ) (2048 576 26.140800 ) (2048 576 128 ) (2048 640 128 ) 
4 463 466 (2112 576 26.140800 ) (2176 576 26.140800 ) (2176 576 128 ) (2112 576 128 ) 
4 464 467 (2944 512 26.140800 ) (3008 512 26.140800 ) (3008 512 128 ) (2944 512 128 ) 
4 465 470 (2432 512 26.140800 ) (2496 512 26.140800 ) (2496 512 128 ) (2432 512 128 ) 
4 465 469 (2560 512 26.140800 ) (2624 512 26.140800 ) (2624 512 128 ) (2560 512 128 ) 
4 465 468 (2752 512 26.140800 ) (2816 512 26.140800 ) (2816 512 128 ) (2752 512 128 ) 
4 467 471 (2944 448 26.140800 ) (3072 448 26.140800 ) (3072 448 128 ) (2944 448 128 ) 
4 468 471 (2752 448 26.140800 ) (2816 448 26.140800 ) (2816 448 128 ) (2752 448 128 ) 
4 469 471 (2560 448 26.140800 ) (2624 448 26.140800 ) (2624 448 128 ) (2560 448 128 ) 
4 470 471 (2432 448 26.140800 ) (2496 448 26.140800 ) (2496 448 128 ) (2432 448 128 ) 
4 471 475 (2112 384 26.140800 ) (2176 384 26.140800 ) (2176 384 128 ) (2112 384 128 ) 
4 471 474 (2432 384 26.140800 ) (2624 384 26.140800 ) (2624 384 128 ) (2432 384 128 ) 
4 471 472 (3008 384 26.140800 ) (3072 384 26.140800 ) (3072 384 128 ) (3008 384 128 ) 
4 471 473 (2752 384 26.140800 ) (2816 384 26.140800 ) (2816 384 128 ) (2752 384 128 ) 
4 472 476 (3008 320 26.140800 ) (3072 320 26.140800 ) (3072 320 128 ) (3008 320 128 ) 
4 473 476 (2752 320 26.140800 ) (2816 320 26.140800 ) (2816 320 128 ) (2752 320 128 ) 
4 474 478 (2432 320 26.140800 ) (2560 320 26.140800 ) (2560 320 128 ) (2432 320 128 ) 
4 475 479 (2112 320 26.140800 ) (2176 320 26.140800 ) (2176 320 128 ) (2112 320 128 ) 
4 476 480 (2944 256 26.140800 ) (3008 256 26.140800 ) (3008 256 128 ) (2944 256 128 ) 
4 476 481 (2752 256 26.140800 ) (2816 256 26.140800 ) (2816 256 128 ) (2752 256 128 ) 
4 477 481 (2624 256 26.140800 ) (2688 256 26.140800 ) (2688 256 128 ) (2624 256 128 ) 
4 478 482 (2432 256 26.140800 ) (2496 256 26.140800 ) (2496 256 128 ) (2432 256 128 ) 
4 479 487 (2048 320 26.140800 ) (2048 256 26.140800 ) (2048 256 128 ) (2048 320 128 ) 
4 479 483 (2240 256 26.140800 ) (2304 256 26.140800 ) (2304 256 128 ) (2240 256 128 ) 
4 484 512 (1664 448 128 ) (1664 384 128 ) (1600 384 128 ) (1600 448 128 ) 
4 484 513 (1664 320 128 ) (1664 192 128 ) (1600 192 128 ) (1600 320 128 ) 
4 484 510 (1600 1024 128 ) (1664 1024 128 ) (1664 832 128 ) (1600 832 128 ) 
4 484 511 (1664 768 128 ) (1664 576 128 ) (1600 576 128 ) (1600 768 128 ) 
4 484 509 (1728 448 128 ) (1728 192 128 ) (1664 192 128 ) (1664 448 128 ) 
4 484 508 (1728 640 128 ) (1728 512 128 ) (1664 512 128 ) (1664 640 128 ) 
4 484 507 (1728 768 128 ) (1728 704 128 ) (1664 704 128 ) (1664 768 128 ) 
4 484 505 (1664 1024 128 ) (1728 1024 128 ) (1728 960 128 ) (1664 960 128 ) 
4 484 506 (1728 896 128 ) (1728 832 128 ) (1664 832 128 ) (1664 896 128 ) 
4 484 503 (1792 576 128 ) (1792 384 128 ) (1728 384 128 ) (1728 576 128 ) 
4 484 504 (1792 320 128 ) (1792 192 128 ) (1728 192 128 ) (1728 320 128 ) 
4 484 501 (1792 960 128 ) (1792 832 128 ) (1728 832 128 ) (1728 960 128 ) 
4 484 502 (1792 768 128 ) (1792 640 128 ) (1728 640 128 ) (1728 768 128 ) 
4 484 500 (1856 320 128 ) (1856 256 128 ) (1792 256 128 ) (1792 320 128 ) 
4 484 499 (1856 512 128 ) (1856 384 128 ) (1792 384 128 ) (1792 512 128 ) 
4 484 497 (1792 1024 128 ) (1856 1024 128 ) (1856 768 128 ) (1792 768 128 ) 
4 484 498 (1856 704 128 ) (1856 576 128 ) (1792 576 128 ) (1792 704 128 ) 
4 484 496 (1920 320 128 ) (1920 192 128 ) (1856 192 128 ) (1856 320 128 ) 
4 484 495 (1920 640 128 ) (1920 512 128 ) (1856 512 128 ) (1856 640 128 ) 
4 484 494 (1920 768 128 ) (1920 704 128 ) (1856 704 128 ) (1856 768 128 ) 
4 484 492 (1856 1024 128 ) (1920 1024 128 ) (1920 960 128 ) (1856 960 128 ) 
4 484 493 (1920 896 128 ) (1920 832 128 ) (1856 832 128 ) (1856 896 128 ) 
4 484 491 (1984 256 128 ) (1984 192 128 ) (1920 192 128 ) (1920 256 128 ) 
4 484 490 (1984 576 128 ) (1984 384 128 ) (1920 384 128 ) (1920 576 128 ) 
4 484 489 (1984 768 128 ) (1984 640 128 ) (1920 640 128 ) (1920 768 128 ) 
4 484 488 (1984 960 128 ) (1984 832 128 ) (1920 832 128 ) (1920 960 128 ) 
4 484 487 (2048 448 128 ) (2048 192 128 ) (1984 192 128 ) (1984 448 128 ) 
4 484 486 (2048 640 128 ) (2048 512 128 ) (1984 512 128 ) (1984 640 128 ) 
4 484 485 (1984 1024 128 ) (2048 1024 128 ) (2048 704 128 ) (1984 704 128 ) 
4 485 489 (1984 768 26.140800 ) (1984 704 26.140800 ) (1984 704 128 ) (1984 768 128 ) 
4 485 488 (1984 960 26.140800 ) (1984 832 26.140800 ) (1984 832 128 ) (1984 960 128 ) 
4 486 490 (1984 576 26.140800 ) (1984 512 26.140800 ) (1984 512 128 ) (1984 576 128 ) 
4 487 491 (1984 256 26.140800 ) (1984 192 26.140800 ) (1984 192 128 ) (1984 256 128 ) 
4 487 490 (1984 448 26.140800 ) (1984 384 26.140800 ) (1984 384 128 ) (1984 448 128 ) 
4 488 493 (1920 896 26.140800 ) (1920 832 26.140800 ) (1920 832 128 ) (1920 896 128 ) 
4 489 494 (1920 768 26.140800 ) (1920 704 26.140800 ) (1920 704 128 ) (1920 768 128 ) 
4 490 495 (1920 576 26.140800 ) (1920 512 26.140800 ) (1920 512 128 ) (1920 576 128 ) 
4 491 496 (1920 256 26.140800 ) (1920 192 26.140800 ) (1920 192 128 ) (1920 256 128 ) 
4 492 497 (1856 1024 26.140800 ) (1856 960 26.140800 ) (1856 960 128 ) (1856 1024 128 ) 
4 493 497 (1856 896 26.140800 ) (1856 832 26.140800 ) (1856 832 128 ) (1856 896 128 ) 
4 495 498 (1856 640 26.140800 ) (1856 576 26.140800 ) (1856 576 128 ) (1856 640 128 ) 
4 496 500 (1856 320 26.140800 ) (1856 256 26.140800 ) (1856 256 128 ) (1856 320 128 ) 
4 497 501 (1792 960 26.140800 ) (1792 832 26.140800 ) (1792 832 128 ) (1792 960 128 ) 
4 498 502 (1792 704 26.140800 ) (1792 640 26.140800 ) (1792 640 128 ) (1792 704 128 ) 
4 499 503 (1792 512 26.140800 ) (1792 384 26.140800 ) (1792 384 128 ) (1792 512 128 ) 
4 500 504 (1792 320 26.140800 ) (1792 256 26.140800 ) (1792 256 128 ) (1792 320 128 ) 
4 501 506 (1728 896 26.140800 ) (1728 832 26.140800 ) (1728 832 128 ) (1728 896 128 ) 
4 502 507 (1728 768 26.140800 ) (1728 704 26.140800 ) (1728 704 128 ) (1728 768 128 ) 
4 503 509 (1728 448 26.140800 ) (1728 384 26.140800 ) (1728 384 128 ) (1728 448 128 ) 
4 503 508 (1728 576 26.140800 ) (1728 512 26.140800 ) (1728 512 128 ) (1728 576 128 ) 
4 504 509 (1728 320 26.140800 ) (1728 192 26.140800 ) (1728 192 128 ) (1728 320 128 ) 
4 505 510 (1664 1024 26.140800 ) (1664 960 26.140800 ) (1664 960 128 ) (1664 1024 128 ) 
4 506 510 (1664 896 26.140800 ) (1664 832 26.140800 ) (1664 832 128 ) (1664 896 128 ) 
4 507 511 (1664 768 26.140800 ) (1664 704 26.140800 ) (1664 704 128 ) (1664 768 128 ) 
4 508 511 (1664 640 26.140800 ) (1664 576 26.140800 ) (1664 576 128 ) (1664 640 128 ) 
4 509 512 (1664 448 26.140800 ) (1664 384 26.140800 ) (1664 384 128 ) (1664 448 128 ) 
4 509 513 (1664 320 26.140800 ) (1664 192 26.140800 ) (1664 192 128 ) (1664 320 128 ) 
